PLUMED: PLUMED is starting
PLUMED: Version: 2.8.0-dev (git: Unknown) compiled on Sep 30 2021 at 13:45:12
PLUMED: Please cite these papers when using PLUMED [1][2]
PLUMED: For further information see the PLUMED web page at http://www.plumed.org
PLUMED: Root: /home/benjamin/PhD/plumed2/br-ves-localized-bfs/
PLUMED: For installed feature, see /home/benjamin/PhD/plumed2/br-ves-localized-bfs//src/config/config.txt
PLUMED: Molecular dynamics engine: mdrunner_linearexpansion
PLUMED: Precision of reals: 8
PLUMED: Running over 1 node
PLUMED: Number of threads: 1
PLUMED: Cache line size: 512
PLUMED: Number of atoms: 1
PLUMED: File suffix: 
PLUMED: FILE: plumed.dat
PLUMED: Action POSITION
PLUMED:   with label p
PLUMED:   for atom 1
PLUMED:   using periodic boundary conditions
PLUMED:   added component to this action:  p.x 
PLUMED:   added component to this action:  p.y 
PLUMED:   added component to this action:  p.z 
PLUMED:   WARNING: components will not have the proper periodicity - see manual
PLUMED: Action ENERGY
PLUMED:   with label ene
PLUMED:   Bibliography [3][4]
PLUMED: Action METAD
PLUMED:   with label metad
PLUMED:   with arguments p.x
PLUMED:   added component to this action:  metad.bias 
PLUMED:   Gaussian width  0.250000  Gaussian height 0.100000
PLUMED:   Gaussian deposition pace 300
PLUMED:   Gaussian file HILLS
PLUMED:   Grid min -8.4
PLUMED:   Grid max 8.4
PLUMED:   Grid bin 300
PLUMED:   Grid uses spline interpolation
PLUMED:   added component to this action:  metad.rbias 
PLUMED:   added component to this action:  metad.rct 
PLUMED:   The c(t) reweighting factor will be calculated every 1 hills
PLUMED:   Bibliography [5][6]
PLUMED: Action PRINT
PLUMED:   with label @3
PLUMED:   with stride 100
PLUMED:   with arguments p.x ene metad.bias metad.rbias metad.rct
PLUMED:   on file colvar.data
PLUMED:   with format  %8.4f
PLUMED: END FILE: plumed.dat
PLUMED: Timestep: 0.010000
PLUMED: KbT: 0.500000
PLUMED: Relevant bibliography:
PLUMED:   [1] The PLUMED consortium, Nat. Methods 16, 670 (2019)
PLUMED:   [2] Tribello, Bonomi, Branduardi, Camilloni, and Bussi, Comput. Phys. Commun. 185, 604 (2014)
PLUMED:   [3] Bartels and Karplus, J. Phys. Chem. B 102, 865 (1998)
PLUMED:   [4] Bonomi and Parrinello, J. Comp. Chem. 30, 1615 (2009)
PLUMED:   [5] Laio and Parrinello, PNAS 99, 12562 (2002)
PLUMED:   [6] Pratyush and Parrinello, J. Phys. Chem. B, 119, 736 (2015)
PLUMED: Please read and cite where appropriate!
PLUMED: Finished setup
PLUMED:                                               Cycles        Total      Average      Minimum      Maximum
PLUMED:                                                    1     8.230714     8.230714     8.230714     8.230714
PLUMED: 1 Prepare dependencies                       1000001     0.139481     0.000000     0.000000     0.000019
PLUMED: 2 Sharing data                               1000001     0.702589     0.000001     0.000001     0.000022
PLUMED: 3 Waiting for data                           1000001     0.117358     0.000000     0.000000     0.000075
PLUMED: 4 Calculating (forward loop)                 1000001     2.817401     0.000003     0.000003     0.000077
PLUMED: 5 Applying (backward loop)                   1000001     2.110708     0.000002     0.000002     0.000110
PLUMED: 6 Update                                     1000001     0.247898     0.000000     0.000000     0.000084
