0 0.000000 0.000000 0.000000 0.000000 6.243811 0.066731 6.143715 0.000000 
0 0.000000 0.003814 0.000000 0.000000 6.249389 0.072308 6.145803 -0.004876 
1000 10.000000 -0.063887 0.000000 0.000000 6.829019 0.588070 6.120391 -0.173477 
2000 20.000000 -0.866228 0.000000 0.000000 6.763298 0.044287 7.270545 -0.573678 
3000 30.000000 0.188997 0.000000 0.000000 7.006777 0.296817 6.342643 0.218908 
4000 40.000000 0.344877 0.000000 0.000000 8.418444 1.402213 6.651540 -0.336416 
5000 50.000000 0.417671 0.000000 0.000000 7.990419 0.743341 6.838308 0.037099 
6000 60.000000 -0.506247 0.000000 0.000000 7.504047 0.016448 6.500838 0.978536 
7000 70.000000 0.004171 0.000000 0.000000 7.786337 0.514301 6.146003 0.868882 
8000 80.000000 -1.013724 0.000000 0.000000 9.502273 0.930078 7.612599 0.494557 
9000 90.000000 -0.135220 0.000000 0.000000 8.959409 1.168271 6.119881 1.087121 
10000 100.000000 0.728023 0.000000 0.000000 9.404081 0.264812 7.892585 1.114278 
11000 110.000000 -0.567748 0.000000 0.000000 10.043004 1.564781 6.614104 1.081729 
12000 120.000000 0.066080 0.000000 0.000000 8.398672 0.061750 6.191079 2.114968 
13000 130.000000 -1.054756 0.000000 0.000000 10.267584 0.268983 7.704328 2.159782 
14000 140.000000 -0.158184 0.000000 0.000000 9.161866 0.430433 6.125304 2.390913 
15000 150.000000 0.520521 0.000000 0.000000 9.902921 0.013130 7.144647 2.738580 
16000 160.000000 0.152263 0.000000 0.000000 10.026952 0.716890 6.288711 2.662906 
17000 170.000000 0.059486 0.000000 0.000000 9.878201 0.323621 6.185282 3.207488 
18000 180.000000 -0.422233 0.000000 0.000000 10.807714 0.983499 6.365408 2.967057 
19000 190.000000 -2.414651 0.000000 0.000000 12.525905 0.081516 7.202467 5.201163 
20000 200.000000 -3.700094 0.000000 0.000000 13.918202 1.338461 4.675907 7.234603 
21000 210.000000 -3.671479 0.000000 0.000000 13.065290 0.343283 4.644655 7.905710 
22000 220.000000 -3.506791 0.000000 0.000000 13.007851 0.302445 4.570924 7.983261 
23000 230.000000 -3.383323 0.000000 0.000000 13.054666 0.099074 4.630611 8.275444 
24000 240.000000 -3.060036 0.000000 0.000000 13.535114 0.007502 5.191676 8.332186 
25000 250.000000 -3.363833 0.000000 0.000000 14.406731 1.025447 4.648584 8.219977 
26000 260.000000 -3.301527 0.000000 0.000000 14.825207 1.241115 4.720898 8.242637 
27000 270.000000 -3.039160 0.000000 0.000000 14.614687 0.563652 5.244548 8.524662 
28000 280.000000 -3.267385 0.000000 0.000000 14.167648 0.145738 4.769789 9.179253 
29000 290.000000 -4.237834 0.000000 0.000000 15.449413 0.002286 6.236495 9.209489 
30000 300.000000 -3.865089 0.000000 0.000000 16.424444 1.592095 4.962912 9.073389 
31000 310.000000 -3.733069 0.000000 0.000000 15.236864 0.431346 4.718740 9.871104 
32000 320.000000 -3.977244 0.000000 0.000000 15.477038 0.140092 5.259515 10.007385 
33000 330.000000 -3.952676 0.000000 0.000000 15.879844 0.479647 5.187742 9.972631 
34000 340.000000 -4.311777 0.000000 0.000000 17.177675 0.801168 6.577608 9.398316 
35000 350.000000 -3.370070 0.000000 0.000000 15.761466 0.042843 4.642587 11.054615 
36000 360.000000 -2.556297 0.000000 0.000000 17.488498 0.005475 6.748641 10.731644 
37000 370.000000 -4.377237 0.000000 0.000000 18.332491 0.798666 6.899348 10.235145 
38000 380.000000 -3.265789 0.000000 0.000000 16.580290 0.036186 4.772230 11.753782 
39000 390.000000 -3.724146 0.000000 0.000000 16.551314 0.130506 4.706428 11.649127 
40000 400.000000 -3.235880 0.000000 0.000000 17.619256 0.830070 4.820469 11.553681 
41000 410.000000 -2.821977 0.000000 0.000000 18.064334 0.008445 5.875604 12.176063 
42000 420.000000 -2.422979 0.000000 0.000000 19.560609 0.092712 7.176687 12.244855 
43000 430.000000 -2.512409 0.000000 0.000000 19.438915 0.061434 6.892179 12.454586 
44000 440.000000 -2.318011 0.000000 0.000000 20.119958 0.125915 7.489948 12.441138 
45000 450.000000 -2.373682 0.000000 0.000000 19.988982 0.002189 7.327115 12.658583 
46000 460.000000 -0.985972 0.000000 0.000000 20.559016 0.051622 7.549383 12.932200 
47000 470.000000 -0.782912 0.000000 0.000000 21.561226 1.419341 7.076452 12.355761 
48000 480.000000 -0.261771 0.000000 0.000000 19.558298 0.292599 6.182112 12.937287 
49000 490.000000 -0.370714 0.000000 0.000000 19.598633 0.126009 6.294984 13.114635 
50000 500.000000 -0.743819 0.000000 0.000000 21.850722 1.343700 6.987064 12.848108 
51000 510.000000 0.132238 0.000000 0.000000 20.667757 0.120388 6.262404 14.224772 
52000 520.000000 0.512728 0.000000 0.000000 21.870843 0.218398 7.119789 14.423457 
53000 530.000000 0.763825 0.000000 0.000000 22.613914 0.009789 8.036063 14.563168 
54000 540.000000 1.026174 0.000000 0.000000 23.691042 0.212166 9.168297 14.204497 
55000 550.000000 0.083502 0.000000 0.000000 22.141806 0.685751 6.207538 14.905641 
56000 560.000000 0.149376 0.000000 0.000000 22.018150 0.332747 6.284783 15.234246 
57000 570.000000 0.550127 0.000000 0.000000 22.593003 0.013428 7.241405 15.331457 
58000 580.000000 0.537940 0.000000 0.000000 23.141248 0.321859 7.201135 15.457325 
59000 590.000000 0.490108 0.000000 0.000000 24.184390 1.406630 7.049126 15.025318 
60000 600.000000 0.335043 0.000000 0.000000 23.201837 0.602731 6.628322 15.669418 
61000 610.000000 -0.803010 0.000000 0.000000 26.940604 2.934542 7.122935 15.415855 
62000 620.000000 -2.274365 0.000000 0.000000 25.659262 0.068176 7.611541 17.945457 
63000 630.000000 -3.172510 0.000000 0.000000 24.191891 0.099363 4.937765 19.105082 
64000 640.000000 -3.359135 0.000000 0.000000 24.262688 0.026832 4.653253 19.569187 
65000 650.000000 -4.262110 0.000000 0.000000 26.042137 0.173366 6.345717 19.436370 
66000 660.000000 -3.910758 0.000000 0.000000 27.033973 1.877172 5.074023 19.144191 
67000 670.000000 -1.983380 0.000000 0.000000 28.515403 0.994789 8.244015 18.779203 
68000 680.000000 -2.217785 0.000000 0.000000 27.357135 0.073538 7.760157 19.486670 
69000 690.000000 -3.581684 0.000000 0.000000 29.785765 3.977277 4.582195 19.237655 
70000 700.000000 -2.921763 0.000000 0.000000 26.327391 0.145322 5.569710 20.539697 
71000 710.000000 -4.368756 0.000000 0.000000 28.848232 0.762934 6.856690 20.847141 
72000 720.000000 -4.642172 0.000000 0.000000 29.506633 0.114415 8.348285 20.986726 
73000 730.000000 -4.111943 0.000000 0.000000 27.469989 0.063920 5.717482 21.656627 
74000 740.000000 -2.838896 0.000000 0.000000 28.164255 0.616832 5.822261 21.416745 
75000 750.000000 -2.017517 0.000000 0.000000 29.861654 0.032478 8.188288 21.624649 
76000 760.000000 -1.183455 0.000000 0.000000 30.623122 0.684977 7.972591 21.623065 
77000 770.000000 -2.835855 0.000000 0.000000 28.289487 0.004207 5.831811 22.451365 
78000 780.000000 -4.509078 0.000000 0.000000 32.156013 1.439636 7.595301 22.401258 
79000 790.000000 -4.305723 0.000000 0.000000 30.214104 0.363592 6.548754 23.119962 
80000 800.000000 -3.317282 0.000000 0.000000 28.482629 0.085208 4.700515 23.654302 
81000 810.000000 -3.167945 0.000000 0.000000 28.808152 0.124356 4.946972 23.674645 
82000 820.000000 -3.217638 0.000000 0.000000 30.488727 1.632435 4.852176 23.187899 
83000 830.000000 -3.660191 0.000000 0.000000 29.089173 0.158271 4.633840 24.217926 
84000 840.000000 -3.330099 0.000000 0.000000 29.138054 0.022176 4.684970 24.419820 
85000 850.000000 -3.521566 0.000000 0.000000 29.720885 0.608387 4.570249 24.238056 
86000 860.000000 -2.012285 0.000000 0.000000 33.344307 0.125346 8.197178 24.959110 
87000 870.000000 0.037002 0.000000 0.000000 31.331951 0.038878 6.167305 25.106329 
88000 880.000000 -0.474698 0.000000 0.000000 31.738115 0.029920 6.447184 25.246051 
89000 890.000000 -0.794098 0.000000 0.000000 34.079239 1.371096 7.102286 24.920308 
90000 900.000000 -2.189001 0.000000 0.000000 35.541620 1.414172 7.831499 25.588864 
91000 910.000000 -3.601327 0.000000 0.000000 31.405322 0.378226 4.591263 26.246720 
92000 920.000000 -4.169011 0.000000 0.000000 33.217571 0.228973 5.942541 26.931571 
93000 930.000000 -4.030486 0.000000 0.000000 36.075035 3.624514 5.427747 25.210517 
94000 940.000000 -4.575933 0.000000 0.000000 35.688066 0.001357 7.968328 27.717702 
95000 950.000000 -4.241578 0.000000 0.000000 33.704735 0.023859 6.253158 27.415787 
96000 960.000000 -4.939757 0.000000 0.000000 37.583649 0.007604 10.123208 27.449035 
97000 970.000000 -2.855606 0.000000 0.000000 35.276332 1.056460 5.770111 27.921531 
98000 980.000000 -2.068904 0.000000 0.000000 37.042217 0.256365 8.094436 28.563234 
99000 990.000000 -3.326384 0.000000 0.000000 33.744903 0.283150 4.689379 28.630799 
100000 1000.000000 -3.409162 0.000000 0.000000 35.498743 1.902322 4.610300 28.034961 
101000 1010.000000 -2.365891 0.000000 0.000000 37.260182 0.471850 7.350381 29.202027 
102000 1020.000000 -2.263123 0.000000 0.000000 37.991200 0.832220 7.641913 29.100956 
103000 1030.000000 -4.586106 0.000000 0.000000 38.289070 0.109649 8.026072 30.098525 
104000 1040.000000 -4.411963 0.000000 0.000000 37.166751 0.017061 7.076856 30.064304 
105000 1050.000000 -3.888506 0.000000 0.000000 35.234011 0.092277 5.018203 30.077394 
106000 1060.000000 -4.842385 0.000000 0.000000 41.520984 1.328645 9.536684 29.991332 
107000 1070.000000 -4.686179 0.000000 0.000000 39.422906 0.012643 8.605313 30.798629 
108000 1080.000000 -3.929942 0.000000 0.000000 36.232390 0.206303 5.124687 30.798248 
109000 1090.000000 -4.786053 0.000000 0.000000 41.357299 1.004307 9.198404 30.652435 
110000 1100.000000 -5.140250 0.000000 0.000000 42.094263 0.062286 11.314191 30.686643 
111000 1110.000000 -3.877174 0.000000 0.000000 36.660026 0.001137 4.991002 31.667319 
112000 1120.000000 -3.006399 0.000000 0.000000 39.368526 1.566217 5.330744 31.688456 
113000 1130.000000 -2.277038 0.000000 0.000000 41.099558 0.561930 7.604260 32.652403 
114000 1140.000000 -1.485570 0.000000 0.000000 42.296896 0.005770 8.409961 33.878279 
115000 1150.000000 -1.189808 0.000000 0.000000 42.197434 0.000156 7.984867 34.212334 
116000 1160.000000 -0.771328 0.000000 0.000000 41.611032 0.148834 7.049808 34.337973 
117000 1170.000000 -0.574439 0.000000 0.000000 41.083814 0.000120 6.627059 34.456574 
118000 1180.000000 0.487416 0.000000 0.000000 42.142747 0.082123 7.040866 34.978696 
119000 1190.000000 0.954462 0.000000 0.000000 44.521329 0.422809 8.848817 35.038298 
120000 1200.000000 1.016031 0.000000 0.000000 44.462756 0.062503 9.122872 35.246129 
121000 1210.000000 0.774480 0.000000 0.000000 43.744759 0.037077 8.079438 35.609706 
122000 1220.000000 -0.379159 0.000000 0.000000 43.565637 1.130466 6.305819 35.564119 
123000 1230.000000 0.378332 0.000000 0.000000 42.989136 0.051523 6.734148 36.177703 
124000 1240.000000 0.713817 0.000000 0.000000 43.969873 0.016606 7.836672 36.108292 
125000 1250.000000 -0.134672 0.000000 0.000000 43.680152 0.548129 6.119784 36.738174 
126000 1260.000000 -0.965230 0.000000 0.000000 44.871606 0.070172 7.501643 37.264706 
127000 1270.000000 -1.617539 0.000000 0.000000 49.345493 3.288830 8.484053 35.928195 
128000 1280.000000 -1.959427 0.000000 0.000000 46.901818 0.635945 8.279871 37.668029 
129000 1290.000000 -3.272231 0.000000 0.000000 44.259369 1.454936 4.762462 37.314503 
130000 1300.000000 -3.135835 0.000000 0.000000 45.553949 2.430051 5.014475 36.894398 
131000 1310.000000 -3.812800 0.000000 0.000000 43.114726 0.220734 4.852383 37.931241 
132000 1320.000000 -2.687384 0.000000 0.000000 44.966754 0.102985 6.313859 38.498418 
133000 1330.000000 -1.781794 0.000000 0.000000 47.988115 0.111696 8.458664 39.361907 
134000 1340.000000 -2.431904 0.000000 0.000000 46.422668 0.000019 7.148908 39.273731 
135000 1350.000000 -3.282883 0.000000 0.000000 44.564183 0.597986 4.746805 38.920398 
136000 1360.000000 -2.534381 0.000000 0.000000 46.393313 0.050072 6.820562 39.497644 
137000 1370.000000 -0.981284 0.000000 0.000000 49.482399 1.188894 7.538624 40.160434 
138000 1380.000000 -0.245378 0.000000 0.000000 47.832940 0.470868 6.169700 40.956938 
139000 1390.000000 -0.404506 0.000000 0.000000 47.567762 0.037503 6.340026 41.171481 
140000 1400.000000 0.080647 0.000000 0.000000 47.794587 0.007170 6.204727 41.579105 
141000 1410.000000 -1.163742 0.000000 0.000000 49.721999 0.130025 7.933849 41.593113 
142000 1420.000000 0.317817 0.000000 0.000000 48.631340 0.026961 6.588835 42.002064 
143000 1430.000000 0.156701 0.000000 0.000000 48.624182 0.140694 6.294838 42.118303 
144000 1440.000000 1.290342 0.000000 0.000000 52.935575 0.021858 10.344148 42.558640 
145000 1450.000000 0.704258 0.000000 0.000000 51.172612 0.540945 7.799390 42.561805 
146000 1460.000000 0.892935 0.000000 0.000000 52.523519 0.864901 8.579255 42.646913 
147000 1470.000000 0.663046 0.000000 0.000000 52.022056 1.164665 7.641975 42.633083 
148000 1480.000000 1.208356 0.000000 0.000000 53.784442 0.421835 9.984841 43.166849 
149000 1490.000000 1.407866 0.000000 0.000000 54.425429 0.183035 10.837602 43.313274 
150000 1500.000000 0.841920 0.000000 0.000000 52.442529 0.156870 8.360388 43.846836 
151000 1510.000000 0.208226 0.000000 0.000000 51.296055 0.593315 6.373788 44.032294 
152000 1520.000000 0.719892 0.000000 0.000000 52.315377 0.191028 7.860508 44.168326 
153000 1530.000000 -0.326981 0.000000 0.000000 51.339731 0.301731 6.243531 44.643603 
154000 1540.000000 -1.839534 0.000000 0.000000 54.904592 0.550843 8.417691 45.660637 
155000 1550.000000 -0.697653 0.000000 0.000000 52.584209 0.000278 6.883856 45.699935 
156000 1560.000000 -1.225191 0.000000 0.000000 54.516206 0.168573 8.051247 46.212099 
157000 1570.000000 -0.023066 0.000000 0.000000 52.799391 0.630451 6.132765 45.720949 
158000 1580.000000 -0.083197 0.000000 0.000000 52.489352 0.229967 6.117626 46.026776 
159000 1590.000000 -0.691390 0.000000 0.000000 54.965479 1.467794 6.870094 45.893694 
160000 1600.000000 -1.340296 0.000000 0.000000 55.812203 0.213408 8.240663 47.251427 
161000 1610.000000 -2.351234 0.000000 0.000000 57.107195 1.965726 7.393746 46.764860 
162000 1620.000000 -2.148555 0.000000 0.000000 55.958243 0.116160 7.926517 47.857486 
163000 1630.000000 -1.935481 0.000000 0.000000 56.583787 0.131562 8.312990 48.073453 
164000 1640.000000 -3.521667 0.000000 0.000000 54.271974 1.062158 4.570249 48.108488 
165000 1650.000000 -3.107751 0.000000 0.000000 54.549196 0.608727 5.077307 48.558798 
166000 1660.000000 -3.896697 0.000000 0.000000 54.729089 0.010218 5.038378 49.675383 
167000 1670.000000 -4.431955 0.000000 0.000000 58.181180 0.849573 7.181033 49.725788 
168000 1680.000000 -4.224643 0.000000 0.000000 57.103865 0.556638 6.178326 50.090582 
169000 1690.000000 -2.025572 0.000000 0.000000 58.618767 0.593877 8.174359 49.553593 
170000 1700.000000 -2.086620 0.000000 0.000000 59.734163 1.650621 8.059388 49.198843 
171000 1710.000000 -2.409296 0.000000 0.000000 57.518156 0.007854 7.218967 50.287408 
172000 1720.000000 -2.035353 0.000000 0.000000 58.732480 0.050409 8.157050 50.499817 
173000 1730.000000 -1.285268 0.000000 0.000000 59.220066 0.099303 8.155534 50.915578 
174000 1740.000000 -1.168980 0.000000 0.000000 60.543104 1.604679 7.944238 50.191849 
175000 1750.000000 -1.703882 0.000000 0.000000 59.817507 0.164400 8.487439 51.083467 
176000 1760.000000 -1.802925 0.000000 0.000000 61.309836 1.482969 8.445608 50.639775 
177000 1770.000000 -3.851025 0.000000 0.000000 61.851934 3.915497 4.931420 51.047268 
178000 1780.000000 -4.927737 0.000000 0.000000 63.905640 0.493418 10.050854 53.114659 
179000 1790.000000 -4.003547 0.000000 0.000000 59.215253 0.271339 5.340479 53.467766 
180000 1800.000000 -4.219819 0.000000 0.000000 60.581777 0.630732 6.157266 53.478414 
181000 1810.000000 -4.957162 0.000000 0.000000 65.206633 0.790559 10.227888 53.792907 
182000 1820.000000 -4.873672 0.000000 0.000000 64.497074 0.427085 9.725114 54.131333 
183000 1830.000000 -3.296138 0.000000 0.000000 60.464773 1.565349 4.728189 53.388561 
184000 1840.000000 -4.346554 0.000000 0.000000 62.004591 0.451885 6.746364 54.580400 
185000 1850.000000 -5.046181 0.000000 0.000000 65.944156 0.084156 10.760367 55.057555 
186000 1860.000000 -4.945033 0.000000 0.000000 65.825935 0.360807 10.154952 55.129773 
187000 1870.000000 -5.163156 0.000000 0.000000 67.785089 0.946914 11.447133 54.917586 
188000 1880.000000 -4.023707 0.000000 0.000000 61.430865 0.374835 5.405378 55.463236 
189000 1890.000000 -4.108441 0.000000 0.000000 62.746231 1.331288 5.704249 55.045050 
190000 1900.000000 -4.843117 0.000000 0.000000 66.694970 1.030995 9.541094 55.607384 
191000 1910.000000 -4.294745 0.000000 0.000000 62.792988 0.005764 6.496846 56.287495 
192000 1920.000000 -4.861188 0.000000 0.000000 66.072801 0.050091 9.649899 56.347765 
193000 1930.000000 -5.413056 0.000000 0.000000 69.966146 0.500906 12.827963 56.386825 
194000 1940.000000 -6.779669 0.000000 0.000000 70.841926 0.082092 17.045987 53.672801 
195000 1950.000000 -5.316241 0.000000 0.000000 69.525143 0.248356 12.310068 56.842541 
196000 1960.000000 -5.059687 0.000000 0.000000 69.547673 1.464327 10.840551 56.510632 
197000 1970.000000 -3.657823 0.000000 0.000000 62.938154 0.000024 4.631680 58.306438 
198000 1980.000000 -3.513692 0.000000 0.000000 63.703964 0.615457 4.570433 58.210346 
199000 1990.000000 -1.896583 0.000000 0.000000 67.406948 0.030796 8.360887 58.999868 
200000 2000.000000 -3.811177 0.000000 0.000000 64.283263 0.455667 4.849241 58.750521 
201000 2010.000000 -3.096895 0.000000 0.000000 65.005037 0.326007 5.102506 59.413521 
202000 2020.000000 -1.927993 0.000000 0.000000 68.608864 0.300657 8.322782 59.835097 
203000 2030.000000 -3.310874 0.000000 0.000000 65.072143 0.563509 4.708636 59.518243 
204000 2040.000000 -4.051441 0.000000 0.000000 65.637859 0.095799 5.498616 59.995545 
205000 2050.000000 -1.376458 0.000000 0.000000 70.806437 1.487763 8.290665 60.284127 
206000 2060.000000 -1.714490 0.000000 0.000000 71.340692 1.690222 8.485309 60.320049 
207000 2070.000000 -0.584683 0.000000 0.000000 69.244569 0.492921 6.647120 61.858067 
208000 2080.000000 -0.056725 0.000000 0.000000 71.416482 2.642775 6.121919 61.330401 
209000 2090.000000 -0.292535 0.000000 0.000000 68.813215 0.028078 6.208731 62.562368 
210000 2100.000000 -0.597431 0.000000 0.000000 70.422844 1.140993 6.672450 62.038905 
211000 2110.000000 1.022254 0.000000 0.000000 73.096222 0.022991 9.150736 63.910999 
212000 2120.000000 0.656710 0.000000 0.000000 71.523198 0.025690 7.618274 63.866389 
213000 2130.000000 1.335855 0.000000 0.000000 75.643789 0.720643 10.538855 64.023970 
214000 2140.000000 2.080785 0.000000 0.000000 77.363454 0.206436 12.582383 64.471417 
215000 2150.000000 1.466439 0.000000 0.000000 75.790569 0.049313 11.070336 64.646262 
216000 2160.000000 5.019933 0.000000 0.000000 77.990685 0.025546 0.256703 77.695663 
217000 2170.000000 4.931812 0.000000 0.000000 79.142523 1.165954 0.094213 77.299378 
218000 2180.000000 4.684197 0.000000 0.000000 78.655695 0.343311 0.064948 78.075781 
219000 2190.000000 4.558326 0.000000 0.000000 78.612030 0.080285 0.290816 78.200786 
220000 2200.000000 4.955534 0.000000 0.000000 78.575345 0.138048 0.130214 78.238058 
221000 2210.000000 4.692863 0.000000 0.000000 78.518662 0.036036 0.055285 78.409324 
222000 2220.000000 4.517580 0.000000 0.000000 78.974135 0.023224 0.397476 78.541824 
223000 2230.000000 4.917763 0.000000 0.000000 79.059048 0.227221 0.075605 78.642612 
224000 2240.000000 5.295582 0.000000 0.000000 81.688915 1.538433 1.248302 78.132964 
225000 2250.000000 5.054087 0.000000 0.000000 80.182900 0.629494 0.340615 78.898045 
226000 2260.000000 5.001970 0.000000 0.000000 79.485825 0.028966 0.217225 79.225151 
227000 2270.000000 4.149989 0.000000 0.000000 81.487268 0.409518 2.020586 78.852406 
228000 2280.000000 4.721655 0.000000 0.000000 79.425996 0.051488 0.028706 79.320058 
229000 2290.000000 4.012409 0.000000 0.000000 82.524334 0.492648 2.880221 78.905141 
230000 2300.000000 4.360998 0.000000 0.000000 81.190860 0.487200 0.951368 79.508691 
231000 2310.000000 5.079937 0.000000 0.000000 81.588614 0.662137 0.411750 80.183658 
232000 2320.000000 5.568595 0.000000 0.000000 83.174508 0.189188 2.845858 80.044867 
233000 2330.000000 5.209678 0.000000 0.000000 81.693140 0.026303 0.864796 80.788891 
234000 2340.000000 5.057419 0.000000 0.000000 81.678029 0.532638 0.349417 80.529654 
235000 2350.000000 5.028273 0.000000 0.000000 81.235697 0.067042 0.276127 80.859007 
236000 2360.000000 5.399789 0.000000 0.000000 85.000770 2.046640 1.795033 80.135776 
237000 2370.000000 5.438812 0.000000 0.000000 84.057397 0.794013 2.020950 80.845427 
238000 2380.000000 4.239803 0.000000 0.000000 84.392948 0.826125 1.524466 81.629295 
239000 2390.000000 5.124811 0.000000 0.000000 82.933791 0.608142 0.550579 81.470999 
240000 2400.000000 4.773237 0.000000 0.000000 82.185404 0.058359 0.002449 82.095417 
241000 2410.000000 4.275192 0.000000 0.000000 84.073983 0.004422 1.345088 82.722262 
242000 2420.000000 4.047953 0.000000 0.000000 85.495995 0.172536 2.647832 82.589358 
243000 2430.000000 5.831218 0.000000 0.000000 87.051012 0.513691 4.783879 81.496596 
244000 2440.000000 3.889961 0.000000 0.000000 86.880415 0.343064 3.726125 82.639693 
245000 2450.000000 5.509276 0.000000 0.000000 86.546902 0.796392 2.455549 82.896764 
246000 2460.000000 5.562472 0.000000 0.000000 86.179804 0.080095 2.804603 83.255059 
247000 2470.000000 4.590631 0.000000 0.000000 85.386390 1.287582 0.217759 83.237257 
248000 2480.000000 4.393500 0.000000 0.000000 85.128658 0.166820 0.818309 84.060119 
249000 2490.000000 4.573325 0.000000 0.000000 84.578009 0.083052 0.255618 84.197812 
250000 2500.000000 5.142337 0.000000 0.000000 84.918869 0.011799 0.610003 84.291168 
251000 2510.000000 4.708142 0.000000 0.000000 87.023822 2.314262 0.040121 83.512309 
252000 2520.000000 4.701083 0.000000 0.000000 85.427112 0.477713 0.046829 84.663714 
253000 2530.000000 5.136140 0.000000 0.000000 85.678109 0.044609 0.588659 85.022536 
254000 2540.000000 3.846334 0.000000 0.000000 90.410021 0.880561 4.041592 85.047587 
255000 2550.000000 4.575072 0.000000 0.000000 85.851680 0.028825 0.251662 85.556780 
256000 2560.000000 4.130794 0.000000 0.000000 88.247823 0.068572 2.133719 86.011245 
257000 2570.000000 5.158631 0.000000 0.000000 87.474117 0.642081 0.667830 85.843166 
258000 2580.000000 5.524280 0.000000 0.000000 90.118265 1.235039 2.552254 85.713452 
259000 2590.000000 4.367216 0.000000 0.000000 87.709579 0.057058 0.925210 86.698782 
260000 2600.000000 5.296069 0.000000 0.000000 88.198322 0.247641 1.250654 86.576206 
261000 2610.000000 4.327312 0.000000 0.000000 88.476129 0.300728 1.098756 86.926280 
262000 2620.000000 3.658276 0.000000 0.000000 92.554136 0.013896 5.454929 87.078364 
263000 2630.000000 3.481314 0.000000 0.000000 94.075115 0.713141 6.810736 86.194667 
264000 2640.000000 4.666545 0.000000 0.000000 89.554267 1.558732 0.087004 87.129165 
265000 2650.000000 5.510963 0.000000 0.000000 90.812535 0.124651 2.466352 88.159206 
266000 2660.000000 5.123199 0.000000 0.000000 88.865991 0.088972 0.545257 88.187275 
267000 2670.000000 4.145599 0.000000 0.000000 90.478344 0.029244 2.046253 88.388225 
268000 2680.000000 3.628515 0.000000 0.000000 94.910847 0.853327 5.683097 87.947760 
269000 2690.000000 3.539923 0.000000 0.000000 94.735662 0.120298 6.363146 88.192069 
270000 2700.000000 5.697704 0.000000 0.000000 93.687284 0.146382 3.761684 89.706028 
271000 2710.000000 4.851619 0.000000 0.000000 89.833992 0.050686 0.015294 89.742668 
272000 2720.000000 4.913912 0.000000 0.000000 92.382628 2.479388 0.070858 88.592688 
273000 2730.000000 4.630110 0.000000 0.000000 90.110276 0.001582 0.142528 89.965375 
274000 2740.000000 5.646556 0.000000 0.000000 94.659993 0.443203 3.388979 90.606209 
275000 2750.000000 4.829024 0.000000 0.000000 90.510157 0.000273 0.005058 90.504690 
276000 2760.000000 5.871631 0.000000 0.000000 96.306245 0.219289 5.104420 90.872892 
277000 2770.000000 5.519773 0.000000 0.000000 94.141586 0.260000 2.523061 91.228525 
278000 2780.000000 5.451518 0.000000 0.000000 93.613584 0.107718 2.096840 91.355167 
279000 2790.000000 5.282435 0.000000 0.000000 92.551323 0.064159 1.185523 91.269561 
280000 2800.000000 6.221740 0.000000 0.000000 98.818621 0.000203 7.969686 90.848630 
281000 2810.000000 5.640986 0.000000 0.000000 95.642581 0.355963 3.349133 91.759503 
282000 2820.000000 6.030849 0.000000 0.000000 98.472134 0.201863 6.398359 91.770981 
283000 2830.000000 6.002731 0.000000 0.000000 98.628427 0.440975 6.167381 91.799583 
284000 2840.000000 5.381735 0.000000 0.000000 94.183982 0.000081 1.694284 92.489577 
285000 2850.000000 6.306183 0.000000 0.000000 101.171581 0.969230 8.655482 91.062253 
286000 2860.000000 5.542379 0.000000 0.000000 98.282001 2.848562 2.670758 91.338401 
287000 2870.000000 5.241455 0.000000 0.000000 95.592837 1.190126 0.999221 92.808428 
288000 2880.000000 3.880436 0.000000 0.000000 99.122393 0.454134 3.794453 94.646738 
289000 2890.000000 4.121829 0.000000 0.000000 97.280113 0.198812 2.187368 94.794526 
290000 2900.000000 4.221481 0.000000 0.000000 96.778538 0.256054 1.621026 94.773432 
291000 2910.000000 3.573792 0.000000 0.000000 101.985740 0.673154 6.103322 94.872688 
292000 2920.000000 5.175011 0.000000 0.000000 96.893868 1.011372 0.728443 94.648368 
293000 2930.000000 5.878486 0.000000 0.000000 100.477431 0.611096 5.159201 94.401585 
294000 2940.000000 6.109479 0.000000 0.000000 101.890969 0.142210 7.046476 94.631178 
295000 2950.000000 4.595137 0.000000 0.000000 96.395682 0.011960 0.208388 96.169354 
296000 2960.000000 3.511970 0.000000 0.000000 103.123618 0.108604 6.577044 96.383669 
297000 2970.000000 5.026448 0.000000 0.000000 96.859273 0.000625 0.271817 96.586519 
298000 2980.000000 4.186759 0.000000 0.000000 99.941966 1.094955 1.810669 96.488864 
299000 2990.000000 3.534870 0.000000 0.000000 103.673923 0.006591 6.401859 97.262177 
300000 3000.000000 4.204716 0.000000 0.000000 99.613700 0.547593 1.711523 97.080787 
301000 3010.000000 4.937160 0.000000 0.000000 97.729506 0.005470 0.101827 97.619473 
302000 3020.000000 3.342746 0.000000 0.000000 105.709150 0.028638 7.846960 97.819233 
303000 3030.000000 3.000560 0.000000 0.000000 107.333298 0.603405 10.124589 96.303602 
304000 3040.000000 3.597849 0.000000 0.000000 104.187076 0.000013 5.918571 98.268485 
305000 3050.000000 3.838386 0.000000 0.000000 102.478242 0.050610 4.099721 98.302607 
306000 3060.000000 3.466393 0.000000 0.000000 108.190235 2.713089 6.924048 97.196554 
307000 3070.000000 4.917984 0.000000 0.000000 100.186030 0.730231 0.075882 99.014802 
308000 3080.000000 3.024867 0.000000 0.000000 108.847318 0.674261 9.981209 97.854717 
309000 3090.000000 4.136778 0.000000 0.000000 101.944344 0.412720 2.098199 99.227065 
310000 3100.000000 5.217044 0.000000 0.000000 101.369819 0.062473 0.895164 100.380945 
311000 3110.000000 4.830356 0.000000 0.000000 100.293938 0.002908 0.005514 100.284061 
312000 3120.000000 4.025257 0.000000 0.000000 102.667180 0.000145 2.795460 99.871503 
313000 3130.000000 3.674147 0.000000 0.000000 106.371067 0.806250 5.333501 99.828190 
314000 3140.000000 4.021671 0.000000 0.000000 103.186698 0.001494 2.819037 100.365420 
315000 3150.000000 5.239559 0.000000 0.000000 104.048321 1.296075 0.990955 101.113254 
316000 3160.000000 5.118334 0.000000 0.000000 102.656062 0.251536 0.529352 101.749406 
317000 3170.000000 5.116491 0.000000 0.000000 102.804375 0.323032 0.523385 101.796442 
318000 3180.000000 4.386257 0.000000 0.000000 102.771140 0.064275 0.847170 101.827558 
319000 3190.000000 3.904663 0.000000 0.000000 105.672174 0.275242 3.621289 101.638023 
320000 3200.000000 5.695774 0.000000 0.000000 107.072631 0.059714 3.747407 103.235652 
321000 3210.000000 6.002951 0.000000 0.000000 109.492176 0.120155 6.169182 103.142761 
322000 3220.000000 5.711257 0.000000 0.000000 108.340339 0.848602 3.862389 103.205047 
323000 3230.000000 4.816599 0.000000 0.000000 103.328632 0.000586 0.001683 103.326070 
324000 3240.000000 6.268421 0.000000 0.000000 113.412025 1.129964 8.350118 103.366961 
325000 3250.000000 5.852244 0.000000 0.000000 109.043845 0.029175 4.950121 104.049962 
326000 3260.000000 6.226118 0.000000 0.000000 112.393934 0.014546 8.005482 104.366633 
327000 3270.000000 6.514862 0.000000 0.000000 114.488685 0.131626 10.285120 104.006126 
328000 3280.000000 6.200388 0.000000 0.000000 112.503943 0.012705 7.794798 104.690087 
329000 3290.000000 4.805789 0.000000 0.000000 105.188119 0.046090 0.000050 105.118934 
330000 3300.000000 3.405431 0.000000 0.000000 113.063571 0.141758 7.383186 105.467748 
331000 3310.000000 3.319232 0.000000 0.000000 113.932828 0.144009 8.018220 105.698595 
332000 3320.000000 3.182380 0.000000 0.000000 115.010548 0.253307 8.977665 105.652923 
333000 3330.000000 4.127706 0.000000 0.000000 108.144333 0.009396 2.152143 105.978096 
334000 3340.000000 3.551478 0.000000 0.000000 112.746285 0.127705 6.274566 106.280161 
335000 3350.000000 5.265103 0.000000 0.000000 108.728837 0.675030 1.104976 106.611317 
336000 3360.000000 5.920907 0.000000 0.000000 112.711385 0.135210 5.500464 107.008106 
337000 3370.000000 6.210417 0.000000 0.000000 115.231311 0.118363 7.876998 107.176768 
338000 3380.000000 5.722383 0.000000 0.000000 111.565910 0.239068 3.945633 107.261675 
339000 3390.000000 6.383886 0.000000 0.000000 118.090269 1.270320 9.275148 106.909642 
340000 3400.000000 5.139108 0.000000 0.000000 109.294749 0.435108 0.598837 108.043250 
341000 3410.000000 4.803431 0.000000 0.000000 109.209744 0.735956 -0.000145 108.105956 
342000 3420.000000 5.501918 0.000000 0.000000 111.513179 0.728452 2.408641 108.011860 
343000 3430.000000 3.569779 0.000000 0.000000 115.450495 0.001483 6.134134 109.314136 
344000 3440.000000 3.189494 0.000000 0.000000 118.249456 0.029369 8.929581 109.275821 
345000 3450.000000 4.980880 0.000000 0.000000 109.858654 0.291847 0.175006 109.245877 
346000 3460.000000 4.330072 0.000000 0.000000 111.050907 0.109845 1.086323 109.799816 
347000 3470.000000 3.762318 0.000000 0.000000 115.293496 0.339620 4.664558 110.119508 
348000 3480.000000 2.975127 0.000000 0.000000 120.746639 0.233628 10.271011 110.125185 
349000 3490.000000 2.930058 0.000000 0.000000 121.088148 0.322787 10.521131 110.082836 
350000 3500.000000 5.069550 0.000000 0.000000 111.463357 0.277987 0.382381 110.663995 
351000 3510.000000 5.228217 0.000000 0.000000 112.921210 0.889952 0.942140 110.644142 
352000 3520.000000 4.155129 0.000000 0.000000 113.701859 0.098145 1.990702 111.563940 
353000 3530.000000 3.905283 0.000000 0.000000 115.541928 0.102081 3.616888 111.771918 
354000 3540.000000 2.543129 0.000000 0.000000 123.682767 0.004416 12.113765 111.562378 
355000 3550.000000 3.085729 0.000000 0.000000 122.937002 1.426782 9.608119 111.188709 
356000 3560.000000 3.130447 0.000000 0.000000 122.290922 0.823564 9.321900 111.733676 
357000 3570.000000 3.261760 0.000000 0.000000 120.771603 0.027725 8.429491 112.300525 
358000 3580.000000 2.923088 0.000000 0.000000 123.493435 0.225659 10.558719 112.596228 
359000 3590.000000 3.677455 0.000000 0.000000 118.640535 0.119992 5.308218 113.152329 
360000 3600.000000 2.794187 0.000000 0.000000 124.401399 0.018215 11.198023 113.176053 
361000 3610.000000 3.675244 0.000000 0.000000 119.356961 0.344870 5.325117 113.514539 
362000 3620.000000 3.527727 0.000000 0.000000 120.266161 0.014833 6.456548 113.787364 
363000 3630.000000 4.361157 0.000000 0.000000 115.426854 0.031935 0.950695 114.428256 
364000 3640.000000 6.302672 0.000000 0.000000 124.635467 0.213629 8.627194 115.687830 
365000 3650.000000 6.433805 0.000000 0.000000 126.714485 1.212569 9.665773 115.229859 
366000 3660.000000 5.749952 0.000000 0.000000 120.206910 0.283625 4.154015 115.627457 
367000 3670.000000 6.067481 0.000000 0.000000 122.930330 0.123313 6.700071 116.045290 
368000 3680.000000 5.212661 0.000000 0.000000 117.679354 0.491021 0.877036 116.065786 
369000 3690.000000 4.344570 0.000000 0.000000 117.599062 0.294126 1.022061 116.135812 
370000 3700.000000 3.232839 0.000000 0.000000 125.357980 0.722621 8.632076 115.641972 
371000 3710.000000 3.816078 0.000000 0.000000 120.979488 0.051807 4.263838 116.637939 
372000 3720.000000 2.103025 0.000000 0.000000 129.723246 0.168824 12.595348 116.874661 
373000 3730.000000 2.901485 0.000000 0.000000 127.609765 0.021448 10.673304 116.904289 
374000 3740.000000 2.949029 0.000000 0.000000 127.558174 0.012395 10.417334 117.122248 
375000 3750.000000 2.221053 0.000000 0.000000 132.307950 2.215015 12.605927 116.379501 
376000 3760.000000 1.462916 0.000000 0.000000 129.309024 0.129336 11.056634 118.058386 
377000 3770.000000 0.722970 0.000000 0.000000 126.820932 0.406906 7.872629 118.337944 
378000 3780.000000 1.926998 0.000000 0.000000 131.108118 0.512106 12.402211 117.937748 
379000 3790.000000 0.349685 0.000000 0.000000 125.853342 0.001886 6.663067 119.187446 
380000 3800.000000 -0.106597 0.000000 0.000000 125.380634 0.011600 6.116901 119.246333 
381000 3810.000000 -0.454102 0.000000 0.000000 126.094275 0.200733 6.413931 119.379244 
382000 3820.000000 -0.733819 0.000000 0.000000 126.830889 0.389489 6.964467 119.282188 
383000 3830.000000 -0.487288 0.000000 0.000000 126.440257 0.167903 6.468211 119.720191 
384000 3840.000000 -0.000261 0.000000 0.000000 127.189404 0.830340 6.143575 119.800319 
385000 3850.000000 0.835746 0.000000 0.000000 130.200924 1.129064 8.334242 120.173086 
386000 3860.000000 0.080178 0.000000 0.000000 127.084895 0.208468 6.204269 120.567924 
387000 3870.000000 0.389692 0.000000 0.000000 127.704667 0.071648 6.763456 120.833740 
388000 3880.000000 2.304001 0.000000 0.000000 134.884651 1.074145 12.553081 120.720353 
389000 3890.000000 4.846447 0.000000 0.000000 122.945199 0.029586 0.012485 122.888336 
390000 3900.000000 5.364510 0.000000 0.000000 125.218049 0.417496 1.600457 122.991347 
391000 3910.000000 5.500695 0.000000 0.000000 125.813008 0.048016 2.400875 123.340109 
392000 3920.000000 6.565160 0.000000 0.000000 134.984344 0.129047 10.658932 124.131842 
393000 3930.000000 6.186201 0.000000 0.000000 132.086406 0.128554 7.678357 124.215220 
394000 3940.000000 4.531190 0.000000 0.000000 124.686824 0.001805 0.360065 124.324051 
395000 3950.000000 5.014996 0.000000 0.000000 125.184964 0.671440 0.245533 123.932272 
396000 3960.000000 4.159682 0.000000 0.000000 127.432621 0.725617 1.964371 124.379825 
397000 3970.000000 4.121944 0.000000 0.000000 127.077939 0.003097 2.186675 124.886619 
398000 3980.000000 3.370895 0.000000 0.000000 132.550230 0.182222 7.639911 124.636986 
399000 3990.000000 3.690641 0.000000 0.000000 130.411113 0.027479 5.207551 125.162343 
400000 4000.000000 3.606127 0.000000 0.000000 131.455311 0.251587 5.854989 125.222943 
401000 4010.000000 2.721290 0.000000 0.000000 137.300986 0.193979 11.510311 125.499707 
402000 4020.000000 3.035303 0.000000 0.000000 135.657137 0.042872 9.918648 125.674180 
403000 4030.000000 3.456059 0.000000 0.000000 133.109590 0.147825 7.002336 125.885517 
404000 4040.000000 3.990716 0.000000 0.000000 129.626392 0.000976 3.025206 126.599722 
405000 4050.000000 2.697929 0.000000 0.000000 138.147196 0.061026 11.602523 126.453133 
406000 4060.000000 1.677265 0.000000 0.000000 139.700505 0.356029 11.806405 127.360056 
407000 4070.000000 0.996217 0.000000 0.000000 136.968788 0.312205 9.034326 127.466155 
408000 4080.000000 0.197318 0.000000 0.000000 134.011416 0.015648 6.355875 127.632069 
409000 4090.000000 -1.216750 0.000000 0.000000 136.388311 0.090850 8.035726 128.216310 
410000 4100.000000 -2.205353 0.000000 0.000000 138.509784 1.839581 7.791338 127.959075 
411000 4110.000000 -1.617041 0.000000 0.000000 137.875087 0.489631 8.483928 128.656713 
412000 4120.000000 -2.151051 0.000000 0.000000 137.720960 0.304889 7.920836 129.342789 
413000 4130.000000 -2.676638 0.000000 0.000000 136.716989 0.825867 6.349505 129.128683 
414000 4140.000000 -3.151142 0.000000 0.000000 135.037089 0.160080 4.981705 129.815264 
415000 4150.000000 -1.573484 0.000000 0.000000 138.673151 0.433239 8.468356 129.554938 
416000 4160.000000 -1.443440 0.000000 0.000000 138.533946 0.185950 8.369772 129.885248 
417000 4170.000000 -0.016869 0.000000 0.000000 136.955863 0.326586 6.135425 130.330559 
418000 4180.000000 1.005924 0.000000 0.000000 142.357678 2.130629 9.077671 130.084064 
419000 4190.000000 1.048703 0.000000 0.000000 140.606388 0.143944 9.269374 131.121099 
420000 4200.000000 1.287981 0.000000 0.000000 141.819902 0.028098 10.333943 131.443811 
421000 4210.000000 1.456040 0.000000 0.000000 142.925486 0.055227 11.029770 131.812875 
422000 4220.000000 2.038679 0.000000 0.000000 144.670855 0.075979 12.548577 132.008309 
423000 4230.000000 2.093198 0.000000 0.000000 145.011111 0.160221 12.590040 132.180740 
424000 4240.000000 -0.402038 0.000000 0.000000 139.571436 0.291561 6.336586 132.797509 
425000 4250.000000 -0.885633 0.000000 0.000000 140.423023 0.000595 7.316037 133.106094 
426000 4260.000000 -0.258326 0.000000 0.000000 139.355014 0.016252 6.179400 133.151236 
427000 4270.000000 -0.189144 0.000000 0.000000 139.479749 0.006741 6.136812 133.332826 
428000 4280.000000 0.840412 0.000000 0.000000 142.249704 0.058950 8.353992 133.807287 
429000 4290.000000 0.533369 0.000000 0.000000 141.119453 0.195328 7.186187 133.640274 
430000 4300.000000 0.892461 0.000000 0.000000 142.894521 0.118580 8.577198 134.139453 
431000 4310.000000 -0.262957 0.000000 0.000000 145.141552 4.496870 6.183059 132.213189 
432000 4320.000000 0.908102 0.000000 0.000000 143.621611 0.169023 8.645197 134.722879 
433000 4330.000000 0.354420 0.000000 0.000000 141.941926 0.645054 6.674535 134.299809 
434000 4340.000000 1.576697 0.000000 0.000000 147.352858 0.070254 11.477489 135.769987 
435000 4350.000000 2.948610 0.000000 0.000000 146.805726 0.186980 10.419646 136.105610 
436000 4360.000000 4.214625 0.000000 0.000000 139.069935 0.015119 1.657789 137.389466 
437000 4370.000000 4.503904 0.000000 0.000000 138.442166 0.306403 0.436848 137.545714 
438000 4380.000000 6.466945 0.000000 0.000000 149.783689 0.621597 9.921371 138.929923 
439000 4390.000000 6.039298 0.000000 0.000000 147.523245 1.652302 6.467891 138.576902 
440000 4400.000000 6.474193 0.000000 0.000000 150.855722 1.489060 9.976844 138.645289 
441000 4410.000000 5.428913 0.000000 0.000000 142.101129 0.827726 1.962605 138.896935 
442000 4420.000000 5.155076 0.000000 0.000000 140.906620 1.007812 0.655001 138.739902 
443000 4430.000000 6.355130 0.000000 0.000000 149.520897 0.164233 9.047344 140.227204 
444000 4440.000000 6.418442 0.000000 0.000000 150.014471 0.009939 9.546248 140.453315 
445000 4450.000000 6.773603 0.000000 0.000000 152.938206 0.102085 12.107139 140.677940 
446000 4460.000000 6.321278 0.000000 0.000000 149.715189 0.014848 8.776837 140.916081 
447000 4470.000000 5.962221 0.000000 0.000000 147.315760 0.214362 5.836023 141.158194 
448000 4480.000000 4.712800 0.000000 0.000000 141.102477 0.015020 0.035974 141.043972 
449000 4490.000000 5.775567 0.000000 0.000000 146.303851 0.371671 4.350173 141.396171 
450000 4500.000000 6.980416 0.000000 0.000000 155.068385 0.007018 13.360583 141.697275 
451000 4510.000000 6.037897 0.000000 0.000000 149.682809 1.086556 6.456359 141.596615 
452000 4520.000000 5.577918 0.000000 0.000000 145.247318 0.000071 2.909084 142.338128 
453000 4530.000000 5.543591 0.000000 0.000000 145.494251 0.450793 2.678760 142.139303 
454000 4540.000000 4.310241 0.000000 0.000000 144.311293 0.164206 1.177032 142.887952 
455000 4550.000000 3.685470 0.000000 0.000000 148.350331 0.038616 5.247007 143.045400 
456000 4560.000000 4.697364 0.000000 0.000000 143.383982 0.027348 0.050569 143.292391 
457000 4570.000000 5.395116 0.000000 0.000000 145.331178 0.019218 1.768725 143.533626 
458000 4580.000000 6.908303 0.000000 0.000000 158.633194 1.570696 12.945571 143.331579 
459000 4590.000000 6.771897 0.000000 0.000000 156.390169 0.002870 12.096002 144.289861 
460000 4600.000000 6.489564 0.000000 0.000000 154.603416 0.203600 10.093965 144.204052 
461000 4610.000000 6.361945 0.000000 0.000000 153.914864 0.394354 9.101502 144.221831 
462000 4620.000000 6.399039 0.000000 0.000000 154.828325 0.734690 9.394401 144.331889 
463000 4630.000000 5.540701 0.000000 0.000000 149.830050 1.993842 2.659686 144.179602 
464000 4640.000000 6.202781 0.000000 0.000000 153.084444 0.059374 7.814423 145.180961 
465000 4650.000000 6.778881 0.000000 0.000000 157.850418 0.002232 12.141496 145.705574 
466000 4660.000000 6.872390 0.000000 0.000000 158.918956 0.233627 12.729988 145.838528 
467000 4670.000000 6.990317 0.000000 0.000000 159.656498 0.012868 13.415682 146.221514 
468000 4680.000000 7.498678 0.000000 0.000000 161.883756 0.250798 15.642039 145.865520 
469000 4690.000000 6.746445 0.000000 0.000000 158.570534 0.213594 11.928436 146.321707 
470000 4700.000000 7.183287 0.000000 0.000000 161.724899 0.442603 14.398370 146.662623 
471000 4710.000000 7.245818 0.000000 0.000000 161.943367 0.246429 14.679847 146.893876 
472000 4720.000000 6.846011 0.000000 0.000000 159.822739 0.305348 12.567913 146.796803 
473000 4730.000000 6.149649 0.000000 0.000000 156.491340 1.413607 7.377651 146.993278 
474000 4740.000000 5.565780 0.000000 0.000000 151.333208 0.044087 2.826865 148.440212 
475000 4750.000000 5.003349 0.000000 0.000000 149.631995 0.030867 0.220141 149.365553 
476000 4760.000000 4.295805 0.000000 0.000000 151.147687 0.011116 1.245069 149.885943 
477000 4770.000000 4.520185 0.000000 0.000000 151.763571 1.382528 0.390177 149.299602 
478000 4780.000000 5.454804 0.000000 0.000000 151.865658 0.034734 2.116650 149.696908 
479000 4790.000000 3.560244 0.000000 0.000000 157.192141 0.135599 6.207320 150.781423 
480000 4800.000000 3.728375 0.000000 0.000000 155.780228 0.099878 4.920685 150.709727 
481000 4810.000000 3.478029 0.000000 0.000000 158.594051 0.555139 6.835707 150.925636 
482000 4820.000000 3.701728 0.000000 0.000000 156.637821 0.306591 5.123070 151.054864 
483000 4830.000000 2.762225 0.000000 0.000000 163.162968 0.153967 11.339474 151.592544 
484000 4840.000000 1.860595 0.000000 0.000000 165.476089 1.020385 12.278089 151.667423 
485000 4850.000000 1.653885 0.000000 0.000000 164.601129 0.533329 11.733962 152.067174 
486000 4860.000000 2.965663 0.000000 0.000000 162.861988 0.041665 10.324537 152.474954 
487000 4870.000000 2.755162 0.000000 0.000000 164.535114 0.460947 11.369786 152.473906 
488000 4880.000000 2.385060 0.000000 0.000000 167.039158 1.703413 12.452173 152.031864 
489000 4890.000000 2.830270 0.000000 0.000000 164.506175 0.363432 11.030012 152.931015 
490000 4900.000000 3.552619 0.000000 0.000000 160.066831 0.150547 6.265813 153.575198 
491000 4910.000000 5.163992 0.000000 0.000000 155.466526 0.711178 0.687394 153.712365 
492000 4920.000000 3.595415 0.000000 0.000000 162.339114 2.157112 5.937263 153.166182 
493000 4930.000000 2.635083 0.000000 0.000000 166.042768 0.046348 11.831187 154.142058 
494000 4940.000000 3.723435 0.000000 0.000000 159.497124 0.058439 4.958124 154.451341 
495000 4950.000000 2.241394 0.000000 0.000000 169.609634 2.183077 12.597639 153.737381 
496000 4960.000000 3.127376 0.000000 0.000000 164.539730 0.064823 9.341870 155.100627 
497000 4970.000000 5.283570 0.000000 0.000000 157.011101 0.045469 1.190886 155.752012 
498000 4980.000000 4.707253 0.000000 0.000000 156.320909 0.112641 0.040937 156.111011 
499000 4990.000000 4.516310 0.000000 0.000000 156.946318 0.161879 0.401057 156.302443 
500000 5000.000000 5.954019 0.000000 0.000000 162.471008 0.495241 5.769186 155.958960 
501000 5010.000000 5.896059 0.000000 0.000000 162.272472 0.703687 5.300117 155.916824 
502000 5020.000000 4.835803 0.000000 0.000000 157.302922 0.007721 0.007573 157.283766 
503000 5030.000000 4.480426 0.000000 0.000000 159.486709 1.462300 0.508570 156.784689 
504000 5040.000000 2.846355 0.000000 0.000000 168.376232 0.029579 10.952321 157.379542 
505000 5050.000000 3.814689 0.000000 0.000000 161.920691 0.015146 4.274108 157.623864 
506000 5060.000000 1.195615 0.000000 0.000000 169.281391 0.170595 9.928252 159.097245 
507000 5070.000000 1.125507 0.000000 0.000000 169.102127 0.063879 9.614655 159.391654 
508000 5080.000000 0.864211 0.000000 0.000000 168.559346 0.327110 8.455426 159.613255 
509000 5090.000000 -0.691190 0.000000 0.000000 167.390807 0.053375 6.869655 160.441090 
510000 5100.000000 -1.367396 0.000000 0.000000 169.722473 0.609634 8.278598 160.529424 
511000 5110.000000 -2.225662 0.000000 0.000000 170.337464 0.615596 7.740117 161.673952 
512000 5120.000000 -3.301023 0.000000 0.000000 167.226737 0.245664 4.721574 162.136667 
513000 5130.000000 -2.745139 0.000000 0.000000 169.048740 0.502133 6.123442 162.172098 
514000 5140.000000 -4.460381 0.000000 0.000000 170.652906 0.009063 7.331523 163.307789 
515000 5150.000000 -4.646751 0.000000 0.000000 172.415697 0.605485 8.374876 163.132594 
516000 5160.000000 -5.444882 0.000000 0.000000 176.739828 0.285173 12.992759 163.319309 
517000 5170.000000 -4.641485 0.000000 0.000000 172.455186 0.178324 8.344298 163.843402 
518000 5180.000000 -4.493922 0.000000 0.000000 171.806421 0.209319 7.512439 163.980004 
519000 5190.000000 -3.667523 0.000000 0.000000 168.806774 0.056134 4.640768 164.081805 
520000 5200.000000 -3.460647 0.000000 0.000000 168.951966 0.013419 4.582055 164.349781 
521000 5210.000000 -3.317641 0.000000 0.000000 170.523787 1.253225 4.700067 163.943882 
522000 5220.000000 -3.052840 0.000000 0.000000 170.475531 0.330640 5.209713 164.769858 
523000 5230.000000 -2.753542 0.000000 0.000000 172.533256 1.227876 6.095973 164.595469 
524000 5240.000000 -2.537127 0.000000 0.000000 173.113087 0.702979 6.811575 165.247044 
525000 5250.000000 -3.034114 0.000000 0.000000 171.078409 0.078274 5.257571 165.703427 
526000 5260.000000 -4.510846 0.000000 0.000000 174.277757 0.005308 7.605014 166.664781 
527000 5270.000000 -5.559737 0.000000 0.000000 180.321717 0.020256 13.562970 166.728362 
528000 5280.000000 -6.814783 0.000000 0.000000 181.877838 0.000437 17.087497 164.789686 
529000 5290.000000 -5.425463 0.000000 0.000000 180.366841 0.194894 12.892542 167.181958 
530000 5300.000000 -5.542622 0.000000 0.000000 181.671906 0.815759 13.480526 166.967742 
531000 5310.000000 -4.025092 0.000000 0.000000 173.463335 0.156163 5.409926 167.819164 
532000 5320.000000 -4.422129 0.000000 0.000000 177.889551 2.654197 7.129657 166.778598 
533000 5330.000000 -3.609129 0.000000 0.000000 173.376756 0.706123 4.595576 167.721995 
534000 5340.000000 -2.428561 0.000000 0.000000 176.148388 0.293168 7.159330 168.549306 
535000 5350.000000 -1.781964 0.000000 0.000000 178.137181 0.741871 8.458568 168.565806 
536000 5360.000000 -1.814432 0.000000 0.000000 177.508723 0.003525 8.437556 169.065879 
537000 5370.000000 -0.908649 0.000000 0.000000 179.130903 2.207078 7.369951 168.450336 
538000 5380.000000 -0.838210 0.000000 0.000000 176.936225 0.001364 7.204945 169.729233 
539000 5390.000000 0.574082 0.000000 0.000000 179.354194 2.356562 7.322325 168.497026 
540000 5400.000000 0.863421 0.000000 0.000000 178.609600 0.000001 8.452039 170.157559 
541000 5410.000000 1.479909 0.000000 0.000000 181.541904 0.128483 11.122368 170.226811 
542000 5420.000000 1.759419 0.000000 0.000000 183.020022 0.339685 12.039840 170.470655 
543000 5430.000000 0.097819 0.000000 0.000000 177.165668 0.520283 6.222307 170.162936 
544000 5440.000000 -2.170796 0.000000 0.000000 179.624987 0.002902 7.875043 171.745591 
545000 5450.000000 -2.500960 0.000000 0.000000 179.050492 0.194145 6.929275 171.829999 
546000 5460.000000 -2.072741 0.000000 0.000000 180.494546 0.258550 8.086960 172.019762 
547000 5470.000000 -1.346419 0.000000 0.000000 180.770164 0.060430 8.249472 172.430046 
548000 5480.000000 -1.784808 0.000000 0.000000 181.922599 0.873922 8.456939 172.154777 
549000 5490.000000 -1.326288 0.000000 0.000000 181.284388 0.119788 8.219999 172.884707 
550000 5500.000000 -1.844070 0.000000 0.000000 182.849791 1.512028 8.413766 172.167984 
551000 5510.000000 -3.212220 0.000000 0.000000 179.427817 0.819639 4.861920 173.336438 
552000 5520.000000 -4.279959 0.000000 0.000000 182.400432 1.363160 6.427774 173.927917 
553000 5530.000000 -5.455235 0.000000 0.000000 187.934517 0.001305 13.045751 174.886808 
554000 5540.000000 -4.315625 0.000000 0.000000 184.601583 2.882053 6.596027 173.682476 
555000 5550.000000 -3.729599 0.000000 0.000000 180.218959 0.439586 4.713889 174.845691 
556000 5560.000000 -4.461508 0.000000 0.000000 183.001606 0.154436 7.337545 175.432407 
557000 5570.000000 -3.207720 0.000000 0.000000 180.677945 0.140313 4.870124 175.597351 
558000 5580.000000 -3.186048 0.000000 0.000000 180.753784 0.021322 4.911044 175.810756 
559000 5590.000000 -1.685022 0.000000 0.000000 185.588959 1.204367 8.489841 175.292568 
560000 5600.000000 -1.492233 0.000000 0.000000 184.842010 0.167853 8.415611 176.174620 
561000 5610.000000 0.859087 0.000000 0.000000 185.676227 0.629743 8.433494 176.298119 
562000 5620.000000 1.375122 0.000000 0.000000 187.599843 0.000073 10.703324 176.896410 
563000 5630.000000 -0.217928 0.000000 0.000000 183.571921 0.004537 6.151746 177.413368 
564000 5640.000000 0.338189 0.000000 0.000000 183.853653 0.005109 6.635697 177.210292 
565000 5650.000000 -0.300959 0.000000 0.000000 184.264083 0.111748 6.216761 177.879700 
566000 5660.000000 -0.074866 0.000000 0.000000 184.533661 0.597847 6.118577 177.518313 
567000 5670.000000 0.556290 0.000000 0.000000 185.796902 0.596990 7.262002 177.639415 
568000 5680.000000 1.021334 0.000000 0.000000 188.433707 0.814428 9.146612 178.065453 
569000 5690.000000 1.311829 0.000000 0.000000 189.518854 0.224126 10.436570 178.746095 
570000 5700.000000 1.864618 0.000000 0.000000 191.865264 0.027487 12.286359 179.537674 
571000 5710.000000 1.852965 0.000000 0.000000 191.918597 0.053555 12.262141 179.576123 
572000 5720.000000 1.069292 0.000000 0.000000 189.289969 0.355768 9.361902 179.394414 
573000 5730.000000 0.861085 0.000000 0.000000 188.095965 0.032278 8.442040 179.605508 
574000 5740.000000 1.702350 0.000000 0.000000 192.055216 0.000513 11.881246 180.173201 
575000 5750.000000 0.722498 0.000000 0.000000 190.475098 2.484513 7.870768 178.877559 
576000 5760.000000 1.671029 0.000000 0.000000 192.650124 0.396044 11.787331 180.268727 
577000 5770.000000 2.301034 0.000000 0.000000 193.994171 0.026773 12.555845 181.398166 
578000 5780.000000 3.114820 0.000000 0.000000 191.260974 0.002033 9.423034 181.834890 
579000 5790.000000 4.173527 0.000000 0.000000 184.700061 0.012768 1.885154 182.795755 
580000 5800.000000 4.429831 0.000000 0.000000 183.685086 0.019102 0.680538 182.975895 
581000 5810.000000 5.028936 0.000000 0.000000 184.506675 1.069164 0.277701 182.625227 
582000 5820.000000 4.342139 0.000000 0.000000 184.275325 0.034475 1.032711 183.190901 
583000 5830.000000 3.168725 0.000000 0.000000 192.413929 0.090891 9.069347 183.208245 
584000 5840.000000 3.677876 0.000000 0.000000 188.735766 0.083602 5.304999 183.305363 
585000 5850.000000 3.036090 0.000000 0.000000 193.488020 0.029333 9.913906 183.530115 
586000 5860.000000 4.077415 0.000000 0.000000 190.065978 3.397647 2.460392 182.509116 
587000 5870.000000 5.111311 0.000000 0.000000 185.633535 0.000860 0.506784 185.125461 
588000 5880.000000 5.266721 0.000000 0.000000 186.768766 0.370777 1.112389 185.100211 
589000 5890.000000 5.105589 0.000000 0.000000 185.724916 0.026128 0.488748 185.196977 
590000 5900.000000 4.321044 0.000000 0.000000 188.715394 2.242506 1.127222 184.224413 
591000 5910.000000 5.449751 0.000000 0.000000 188.155584 0.038265 2.086217 186.011969 
592000 5920.000000 6.166086 0.000000 0.000000 194.742632 0.732418 7.512977 186.131028 
593000 5930.000000 4.447347 0.000000 0.000000 188.471868 1.642730 0.618343 185.389430 
594000 5940.000000 3.547925 0.000000 0.000000 194.300955 1.669269 6.301808 185.495243 
595000 5950.000000 2.543008 0.000000 0.000000 199.499543 0.189029 12.114096 187.101904 
596000 5960.000000 2.517024 0.000000 0.000000 200.165082 0.610381 12.182559 187.066952 
597000 5970.000000 1.978304 0.000000 0.000000 199.644460 0.001394 12.479453 187.162917 
598000 5980.000000 -0.332218 0.000000 0.000000 196.363347 1.302908 6.249271 188.159714 
599000 5990.000000 -1.482358 0.000000 0.000000 197.852280 0.336352 8.407167 188.940585 
600000 6000.000000 -3.204341 0.000000 0.000000 194.632446 0.204242 4.876352 189.449731 
601000 6010.000000 -2.858019 0.000000 0.000000 195.338969 0.011941 5.762626 189.558431 
602000 6020.000000 -2.909080 0.000000 0.000000 197.306149 1.837713 5.607303 188.942277 
603000 6030.000000 -4.045418 0.000000 0.000000 196.211482 0.094416 5.477980 190.591878 
604000 6040.000000 -4.483842 0.000000 0.000000 198.719174 0.000965 7.457702 191.260025 
605000 6050.000000 -5.092706 0.000000 0.000000 202.985407 0.130653 11.035715 191.753712 
606000 6060.000000 -5.697514 0.000000 0.000000 206.766193 0.448365 14.192596 191.901050 
607000 6070.000000 -5.479227 0.000000 0.000000 205.404954 0.003367 13.167376 192.232528 
608000 6080.000000 -6.006942 0.000000 0.000000 207.808154 0.136936 15.375295 192.227456 
609000 6090.000000 -4.459813 0.000000 0.000000 200.489873 0.511568 7.328491 192.394031 
610000 6100.000000 -6.318756 0.000000 0.000000 209.075270 0.056433 16.248197 192.742424 
611000 6110.000000 -5.046642 0.000000 0.000000 204.163612 0.001041 10.763104 193.398947 
612000 6120.000000 -5.119049 0.000000 0.000000 204.866118 0.112090 11.190409 193.507574 
613000 6130.000000 -3.728750 0.000000 0.000000 199.159233 0.810829 4.712714 193.230275 
614000 6140.000000 -2.182154 0.000000 0.000000 203.549814 2.277486 7.848020 192.285565 
615000 6150.000000 -0.303435 0.000000 0.000000 200.650246 0.069682 6.219181 194.326542 
616000 6160.000000 -1.601334 0.000000 0.000000 203.440760 0.676587 8.479359 193.946521 
617000 6170.000000 -1.445533 0.000000 0.000000 202.881998 0.003442 8.371947 194.504888 
618000 6180.000000 -1.042801 0.000000 0.000000 202.636988 0.215704 7.677844 194.635588 
619000 6190.000000 -0.744785 0.000000 0.000000 202.101604 0.015369 6.989254 195.089297 
620000 6200.000000 -0.104156 0.000000 0.000000 203.216386 1.581337 6.116843 194.727537 
621000 6210.000000 0.214040 0.000000 0.000000 201.692827 0.042194 6.383598 195.245937 
622000 6220.000000 -0.070306 0.000000 0.000000 202.985617 1.128808 6.119253 195.173152 
623000 6230.000000 2.024657 0.000000 0.000000 208.461165 0.272007 12.534668 195.518486 
624000 6240.000000 1.403480 0.000000 0.000000 206.948276 0.039802 10.819778 196.068794 
625000 6250.000000 0.749160 0.000000 0.000000 204.120418 0.071428 7.976863 196.036413 
626000 6260.000000 -0.208427 0.000000 0.000000 203.187932 0.101082 6.146372 196.889938 
627000 6270.000000 0.535305 0.000000 0.000000 205.500859 1.678736 7.192509 195.790247 
628000 6280.000000 -0.760193 0.000000 0.000000 205.139987 0.489135 7.024315 197.381968 
629000 6290.000000 -1.479283 0.000000 0.000000 206.582489 0.000642 8.404451 198.177074 
630000 6300.000000 -4.049465 0.000000 0.000000 204.678518 0.045620 5.491823 199.118265 
631000 6310.000000 -5.298682 0.000000 0.000000 212.641896 0.848246 12.213639 199.155888 
632000 6320.000000 -4.623136 0.000000 0.000000 208.241570 0.310530 8.238167 199.537608 
633000 6330.000000 -5.822974 0.000000 0.000000 216.629218 1.827035 14.711228 199.177438 
634000 6340.000000 -5.117046 0.000000 0.000000 213.069700 1.670175 11.178684 199.385753 
635000 6350.000000 -3.199064 0.000000 0.000000 206.012805 0.356066 4.886191 200.592515 
636000 6360.000000 -3.784579 0.000000 0.000000 207.338509 1.612598 4.800233 200.119380 
637000 6370.000000 -4.122669 0.000000 0.000000 206.839521 0.027023 5.758432 201.040554 
638000 6380.000000 -4.901155 0.000000 0.000000 211.382595 0.005075 9.890725 201.484257 
639000 6390.000000 -3.326635 0.000000 0.000000 208.619948 1.994701 4.689079 200.938817 
640000 6400.000000 -3.611407 0.000000 0.000000 206.562971 0.054029 4.596912 201.885015 
641000 6410.000000 -4.320978 0.000000 0.000000 208.875415 0.087337 6.621758 202.122652 
642000 6420.000000 -4.327681 0.000000 0.000000 209.228771 0.267895 6.654152 202.172777 
643000 6430.000000 -5.466394 0.000000 0.000000 216.377122 0.410349 13.102524 202.659075 
644000 6440.000000 -6.231002 0.000000 0.000000 220.049967 0.159605 16.033073 203.777487 
645000 6450.000000 -7.008968 0.000000 0.000000 221.294176 0.524412 17.278773 203.228785 
646000 6460.000000 -7.254744 0.000000 0.000000 221.906881 0.823906 17.444687 203.226335 
647000 6470.000000 -5.009900 0.000000 0.000000 214.804244 0.143577 10.544074 204.044805 
648000 6480.000000 -4.258845 0.000000 0.000000 212.906690 2.557827 6.330865 202.739085 
649000 6490.000000 -2.726551 0.000000 0.000000 211.434006 0.300628 6.184451 204.798614 
650000 6500.000000 -1.646206 0.000000 0.000000 214.453728 0.705547 8.489240 204.906167 
651000 6510.000000 -0.802667 0.000000 0.000000 212.241628 0.075338 7.122141 205.006480 
652000 6520.000000 -1.837241 0.000000 0.000000 214.550521 0.347161 8.419636 205.610144 
653000 6530.000000 -3.001867 0.000000 0.000000 213.275411 1.952125 5.342965 205.004258 
654000 6540.000000 -3.220419 0.000000 0.000000 212.381703 1.487492 4.847233 205.303233 
655000 6550.000000 -2.429613 0.000000 0.000000 213.746913 0.009762 7.156053 206.576216 
656000 6560.000000 -2.360668 0.000000 0.000000 214.191694 0.012266 7.365896 206.807400 
657000 6570.000000 -3.472163 0.000000 0.000000 211.715728 0.371978 4.578007 206.579754 
658000 6580.000000 -3.934268 0.000000 0.000000 212.062237 0.000062 5.136433 206.925711 
659000 6590.000000 -2.366065 0.000000 0.000000 215.756272 0.729105 7.349865 207.312749 
660000 6600.000000 -1.804083 0.000000 0.000000 218.910725 2.603275 8.444828 206.560984 
661000 6610.000000 -1.624561 0.000000 0.000000 217.245940 0.658669 8.485693 207.772243 
662000 6620.000000 -0.212446 0.000000 0.000000 214.960227 0.234291 6.148592 208.460199 
663000 6630.000000 -1.575403 0.000000 0.000000 217.509955 0.381140 8.469232 208.469012 
664000 6640.000000 -0.656490 0.000000 0.000000 216.375966 0.632160 6.794635 208.633092 
665000 6650.000000 0.997080 0.000000 0.000000 219.993657 1.472681 9.038176 208.746459 
666000 6660.000000 1.984997 0.000000 0.000000 222.467923 0.195989 12.488292 209.685648 
667000 6670.000000 1.266288 0.000000 0.000000 220.164790 0.075531 10.239737 209.811756 
668000 6680.000000 0.977498 0.000000 0.000000 219.131651 0.065545 8.950955 210.082379 
669000 6690.000000 -1.221847 0.000000 0.000000 218.471866 0.002256 8.045121 210.423361 
670000 6700.000000 -0.261116 0.000000 0.000000 217.159934 0.226053 6.181593 210.639262 
671000 6710.000000 0.049033 0.000000 0.000000 216.942061 0.020589 6.176581 210.734596 
672000 6720.000000 -1.695650 0.000000 0.000000 220.073903 0.269219 8.488705 211.181370 
673000 6730.000000 -1.090318 0.000000 0.000000 219.397372 0.309879 7.781751 211.150803 
674000 6740.000000 -2.701297 0.000000 0.000000 218.696485 0.070378 6.267780 212.323137 
675000 6750.000000 -2.186939 0.000000 0.000000 220.311686 0.178122 7.836492 212.208011 
676000 6760.000000 -3.554462 0.000000 0.000000 217.405934 0.099104 4.573847 212.683431 
677000 6770.000000 -1.907326 0.000000 0.000000 224.399213 3.331143 8.348396 211.054102 
678000 6780.000000 -1.272433 0.000000 0.000000 221.875831 0.813074 8.134203 212.522017 
679000 6790.000000 -1.421939 0.000000 0.000000 222.520516 1.013857 8.346363 212.653368 
680000 6800.000000 -3.187635 0.000000 0.000000 218.538329 0.001269 4.907971 213.628455 
681000 6810.000000 -2.955832 0.000000 0.000000 220.843270 1.525509 5.470905 213.084101 
682000 6820.000000 -5.090809 0.000000 0.000000 226.955620 0.297353 11.024538 215.485053 
683000 6830.000000 -4.380687 0.000000 0.000000 222.309945 0.000201 6.916780 215.392864 
684000 6840.000000 -5.418353 0.000000 0.000000 229.796424 0.966678 12.855585 215.490822 
685000 6850.000000 -5.192674 0.000000 0.000000 227.894747 0.074898 11.617137 216.165262 
686000 6860.000000 -6.413638 0.000000 0.000000 233.954035 0.044816 16.455866 217.430946 
687000 6870.000000 -6.111473 0.000000 0.000000 233.093123 0.042483 15.702211 217.327187 
688000 6880.000000 -6.467641 0.000000 0.000000 234.718673 0.551813 16.563120 217.327834 
689000 6890.000000 -6.847010 0.000000 0.000000 235.311496 0.384608 17.123606 217.610978 
690000 6900.000000 -7.289404 0.000000 0.000000 236.097376 0.613486 17.462615 217.714532 
691000 6910.000000 -6.220983 0.000000 0.000000 234.300662 0.036867 16.007048 218.238314 
692000 6920.000000 -5.993607 0.000000 0.000000 235.612104 1.716317 15.330995 217.706633 
693000 6930.000000 -6.358396 0.000000 0.000000 235.672047 0.863084 16.338018 218.039404 
694000 6940.000000 -8.367080 0.000000 0.000000 242.112674 4.662738 17.676356 217.442212 
695000 6950.000000 -7.733679 0.000000 0.000000 240.160714 2.161265 17.609850 219.308967 
696000 6960.000000 -7.264811 0.000000 0.000000 238.110351 0.209366 17.450017 220.346285 
697000 6970.000000 -7.570442 0.000000 0.000000 238.255196 0.025820 17.570585 220.645881 
698000 6980.000000 -7.689426 0.000000 0.000000 242.084382 1.322332 17.600533 222.500351 
699000 6990.000000 -7.318787 0.000000 0.000000 241.883478 1.193302 17.476911 222.616614 
700000 7000.000000 -8.400000 0.000000 0.000000 242.773187 0.704874 17.677731 224.038144 
701000 7010.000000 -6.405219 0.000000 0.000000 241.601657 0.110649 16.438447 224.997236 
702000 7020.000000 -5.888802 0.000000 0.000000 240.409793 0.017234 14.962015 225.421927 
703000 7030.000000 -5.180162 0.000000 0.000000 238.719091 1.175292 11.545261 225.410892 
704000 7040.000000 -4.597543 0.000000 0.000000 234.365711 0.005458 8.091263 226.266261 
705000 7050.000000 -4.215606 0.000000 0.000000 233.209181 0.962002 6.138966 225.627212 
706000 7060.000000 -5.129263 0.000000 0.000000 240.143175 2.097508 11.250128 225.746785 
707000 7070.000000 -4.755472 0.000000 0.000000 236.830645 0.715074 9.015666 226.742368 
708000 7080.000000 -4.452481 0.000000 0.000000 234.201739 0.017696 7.289432 226.885763 
709000 7090.000000 -5.258771 0.000000 0.000000 240.587699 1.264466 11.991837 226.699163 
710000 7100.000000 -4.792894 0.000000 0.000000 236.824924 0.062828 9.239386 227.491295 
711000 7110.000000 -6.543736 0.000000 0.000000 245.060286 0.031397 16.701545 228.311645 
712000 7120.000000 -3.270644 0.000000 0.000000 232.862793 0.017318 4.764848 228.071968 
713000 7130.000000 -3.259810 0.000000 0.000000 233.235401 0.223429 4.781495 228.118762 
714000 7140.000000 -3.486261 0.000000 0.000000 233.139809 0.153739 4.574198 228.335003 
715000 7150.000000 -1.775718 0.000000 0.000000 237.449738 0.052650 8.462003 228.908760 
716000 7160.000000 -1.339111 0.000000 0.000000 237.563734 0.003517 8.238944 229.319515 
717000 7170.000000 -1.286819 0.000000 0.000000 237.712654 0.131385 8.158075 229.357501 
718000 7180.000000 -0.184771 0.000000 0.000000 238.553341 2.140961 6.134898 229.207002 
719000 7190.000000 0.103024 0.000000 0.000000 236.942066 0.076164 6.227954 230.599865 
720000 7200.000000 1.172050 0.000000 0.000000 242.397603 1.345589 9.823207 230.556012 
721000 7210.000000 1.822447 0.000000 0.000000 245.479162 1.575253 12.194991 230.921291 
722000 7220.000000 3.449128 0.000000 0.000000 240.127058 0.265512 7.054751 232.674039 
723000 7230.000000 4.448703 0.000000 0.000000 235.953276 2.097930 0.613649 232.192732 
724000 7240.000000 5.755514 0.000000 0.000000 238.295056 0.016546 4.196409 234.073828 
725000 7250.000000 5.799257 0.000000 0.000000 238.886720 0.094353 4.533601 234.211590 
726000 7260.000000 5.499779 0.000000 0.000000 237.771582 0.860028 2.395068 234.086471 
727000 7270.000000 6.402717 0.000000 0.000000 247.103256 2.359787 9.423262 234.140314 
728000 7280.000000 7.451103 0.000000 0.000000 252.184490 0.562620 15.481731 235.858830 
729000 7290.000000 8.218648 0.000000 0.000000 253.119390 0.092623 17.134886 235.845569 
730000 7300.000000 6.350089 0.000000 0.000000 245.185300 0.045269 9.007214 236.110182 
731000 7310.000000 6.451219 0.000000 0.000000 246.195925 0.061401 9.800476 236.303347 
732000 7320.000000 7.241918 0.000000 0.000000 252.538766 0.920978 14.662814 236.494486 
733000 7330.000000 7.950612 0.000000 0.000000 255.285913 1.104271 16.754157 236.875349 
734000 7340.000000 7.850916 0.000000 0.000000 254.630951 0.516700 16.565953 237.289948 
735000 7350.000000 6.420893 0.000000 0.000000 248.388278 1.449261 9.565361 236.649024 
736000 7360.000000 7.998420 0.000000 0.000000 254.892391 0.028765 16.834691 238.014551 
737000 7370.000000 7.974538 0.000000 0.000000 255.252954 0.136337 16.795214 238.253235 
738000 7380.000000 8.116315 0.000000 0.000000 256.041308 0.668514 17.008916 238.029620 
739000 7390.000000 7.173122 0.000000 0.000000 254.060328 1.016287 14.350920 238.184977 
740000 7400.000000 8.106892 0.000000 0.000000 256.041327 0.311343 16.996189 238.578123 
741000 7410.000000 7.288770 0.000000 0.000000 255.364858 1.406834 14.862919 238.391688 
742000 7420.000000 5.888126 0.000000 0.000000 244.944048 0.038227 5.236421 239.650286 
743000 7430.000000 3.866526 0.000000 0.000000 243.745900 0.054875 3.894804 239.768784 
744000 7440.000000 3.072164 0.000000 0.000000 249.678776 0.234899 9.692967 239.633461 
745000 7450.000000 3.803553 0.000000 0.000000 244.768197 0.024942 4.356575 240.374208 
746000 7460.000000 4.365806 0.000000 0.000000 246.024028 4.652093 0.931112 238.114776 
747000 7470.000000 2.422805 0.000000 0.000000 253.746824 0.259078 12.388405 240.969802 
748000 7480.000000 2.498643 0.000000 0.000000 253.604890 0.175978 12.227944 241.112979 
749000 7490.000000 2.091847 0.000000 0.000000 253.365274 0.008309 12.589259 240.763552 
750000 7500.000000 2.138154 0.000000 0.000000 254.368810 0.772444 12.608824 240.601320 
751000 7510.000000 1.029816 0.000000 0.000000 250.722456 0.135912 9.184623 241.333965 
752000 7520.000000 0.216180 0.000000 0.000000 248.041055 0.119006 6.387252 241.475293 
753000 7530.000000 -0.722389 0.000000 0.000000 249.146143 0.527607 6.938793 241.415939 
754000 7540.000000 -1.456198 0.000000 0.000000 250.372707 0.532311 8.382747 241.191494 
755000 7550.000000 -2.108970 0.000000 0.000000 250.880982 0.773195 8.013265 241.707925 
756000 7560.000000 -2.055216 0.000000 0.000000 250.358350 0.036584 8.120580 242.182895 
757000 7570.000000 -2.147809 0.000000 0.000000 250.967991 0.499664 7.928209 242.290286 
758000 7580.000000 -1.699976 0.000000 0.000000 250.848777 0.081482 8.488082 242.238472 
759000 7590.000000 -0.136765 0.000000 0.000000 249.545023 0.041425 6.120162 243.362724 
760000 7600.000000 -0.726601 0.000000 0.000000 250.723545 0.093705 6.948234 243.634753 
761000 7610.000000 0.174870 0.000000 0.000000 251.555862 1.179407 6.321036 243.465716 
762000 7620.000000 -0.494883 0.000000 0.000000 250.737513 0.008538 6.481144 244.243562 
763000 7630.000000 1.313570 0.000000 0.000000 255.505071 0.066997 10.444017 244.960558 
764000 7640.000000 1.316575 0.000000 0.000000 255.666465 0.091269 10.456863 245.072699 
765000 7650.000000 0.442442 0.000000 0.000000 252.888264 0.843383 6.907683 244.715507 
766000 7660.000000 2.651585 0.000000 0.000000 258.621505 0.069010 11.773909 246.744081 
767000 7670.000000 5.087276 0.000000 0.000000 248.048454 0.167453 0.433129 247.364145 
768000 7680.000000 5.811367 0.000000 0.000000 252.736023 0.001194 4.628069 248.106162 
769000 7690.000000 6.225098 0.000000 0.000000 256.281849 0.006779 7.997144 248.274537 
770000 7700.000000 6.071450 0.000000 0.000000 255.882226 0.708660 6.732794 248.086442 
771000 7710.000000 8.306227 0.000000 0.000000 266.752001 0.460153 17.226364 248.835407 
772000 7720.000000 6.982575 0.000000 0.000000 263.848083 1.383644 13.372633 248.399983 
773000 7730.000000 7.029950 0.000000 0.000000 262.821808 0.007989 13.631671 249.178154 
774000 7740.000000 5.773116 0.000000 0.000000 256.417945 2.219511 4.331303 248.757376 
775000 7750.000000 4.554348 0.000000 0.000000 251.327707 1.104251 0.300519 249.370811 
776000 7760.000000 5.883910 0.000000 0.000000 255.491074 0.004770 5.202623 250.281295 
777000 7770.000000 5.889703 0.000000 0.000000 255.833718 0.102511 5.249067 250.430885 
778000 7780.000000 5.450335 0.000000 0.000000 253.018961 0.024472 2.089725 250.892527 
779000 7790.000000 4.353800 0.000000 0.000000 252.274652 0.241196 0.982061 250.930798 
780000 7800.000000 3.710265 0.000000 0.000000 257.222616 0.602890 5.058116 251.260165 
781000 7810.000000 2.701709 0.000000 0.000000 263.076544 0.002474 11.587867 251.484966 
782000 7820.000000 2.769541 0.000000 0.000000 263.120712 0.255294 11.307714 251.430057 
783000 7830.000000 4.023212 0.000000 0.000000 255.302241 0.051578 2.808894 252.415980 
784000 7840.000000 5.222473 0.000000 0.000000 253.581998 0.227310 0.917852 252.323182 
785000 7850.000000 4.057807 0.000000 0.000000 255.250846 0.063386 2.584600 252.571167 
786000 7860.000000 4.864466 0.000000 0.000000 252.691240 0.017609 0.023473 252.641353 
787000 7870.000000 5.884664 0.000000 0.000000 258.752668 0.011912 5.208662 253.526138 
788000 7880.000000 6.031272 0.000000 0.000000 260.899503 0.661903 6.401847 253.504801 
789000 7890.000000 6.308472 0.000000 0.000000 264.655326 1.923154 8.673907 253.096689 
790000 7900.000000 6.481056 0.000000 0.000000 265.694849 1.396899 10.029225 253.570276 
791000 7910.000000 5.754989 0.000000 0.000000 259.407520 0.903717 4.192404 253.859541 
792000 7920.000000 7.749401 0.000000 0.000000 271.856897 0.164754 16.343624 255.266143 
793000 7930.000000 8.357971 0.000000 0.000000 273.491982 0.015079 17.274074 256.195289 
794000 7940.000000 8.354272 0.000000 0.000000 273.915324 0.231694 17.270810 256.296974 
795000 7950.000000 6.428281 0.000000 0.000000 265.305527 0.071125 9.622874 255.575966 
796000 7960.000000 6.793744 0.000000 0.000000 268.456555 0.142360 12.237615 256.005401 
797000 7970.000000 5.749810 0.000000 0.000000 260.434700 0.207167 4.152939 255.971011 
798000 7980.000000 5.880514 0.000000 0.000000 261.393367 0.120017 5.175427 256.037914 
799000 7990.000000 6.981875 0.000000 0.000000 270.816514 0.318372 13.368727 256.970229 
800000 8000.000000 8.349016 0.000000 0.000000 275.284921 0.005179 17.266134 258.011019 
801000 8010.000000 8.389670 0.000000 0.000000 275.583759 0.236327 17.301159 257.928110 
802000 8020.000000 8.380770 0.000000 0.000000 275.040281 0.069063 17.293713 257.642973 
803000 8030.000000 6.488952 0.000000 0.000000 267.778635 0.520694 10.089320 256.908274 
804000 8040.000000 7.455887 0.000000 0.000000 273.093784 0.012155 15.498269 257.577282 
805000 8050.000000 7.100462 0.000000 0.000000 272.750462 0.645581 13.997824 257.784266 
806000 8060.000000 7.012702 0.000000 0.000000 271.920687 0.135856 13.538574 258.178329 
807000 8070.000000 7.009210 0.000000 0.000000 272.365918 0.429264 13.519555 258.202467 
808000 8080.000000 7.621302 0.000000 0.000000 274.684798 0.042628 16.014041 258.606814 
809000 8090.000000 6.779878 0.000000 0.000000 271.618057 0.733689 12.147977 258.369547 
810000 8100.000000 6.164857 0.000000 0.000000 267.713115 1.433240 7.502869 258.060385 
811000 8110.000000 4.274376 0.000000 0.000000 261.950293 0.492586 1.349119 259.862296 
812000 8120.000000 3.086038 0.000000 0.000000 270.447319 0.043642 9.606177 260.775680 
813000 8130.000000 2.613490 0.000000 0.000000 273.076199 0.003609 11.903138 261.167647 
814000 8140.000000 2.331901 0.000000 0.000000 274.028161 0.133201 12.523882 261.304479 
815000 8150.000000 2.571005 0.000000 0.000000 273.559456 0.128450 12.034702 261.332078 
816000 8160.000000 2.943230 0.000000 0.000000 272.396409 0.363705 10.449293 261.401559 
817000 8170.000000 4.011641 0.000000 0.000000 265.026218 0.085832 2.885313 262.012156 
818000 8180.000000 3.553170 0.000000 0.000000 269.180614 0.561175 6.261589 262.077262 
819000 8190.000000 3.564254 0.000000 0.000000 270.205669 1.464201 6.176546 261.832822 
820000 8200.000000 2.780170 0.000000 0.000000 273.989351 0.193285 11.260916 262.438508 
821000 8210.000000 2.832012 0.000000 0.000000 274.743615 1.038573 11.021680 262.164076 
822000 8220.000000 1.672210 0.000000 0.000000 275.346267 0.011032 11.790956 263.538763 
823000 8230.000000 1.729900 0.000000 0.000000 275.868201 0.175356 11.959876 263.645291 
824000 8240.000000 0.359646 0.000000 0.000000 274.119135 3.533991 6.687322 262.130826 
825000 8250.000000 0.615415 0.000000 0.000000 271.372340 0.003328 7.467218 263.900130 
826000 8260.000000 0.823568 0.000000 0.000000 272.614842 0.048862 8.282908 264.258642 
827000 8270.000000 2.317939 0.000000 0.000000 278.018241 0.731906 12.539217 264.381165 
828000 8280.000000 3.114173 0.000000 0.000000 274.987634 0.381623 9.427196 264.988005 
829000 8290.000000 3.257733 0.000000 0.000000 275.373964 1.431289 8.457883 264.769148 
830000 8300.000000 4.638451 0.000000 0.000000 266.197858 0.215748 0.128634 265.745602 
831000 8310.000000 5.295888 0.000000 0.000000 267.822370 0.100574 1.249779 266.421729 
832000 8320.000000 6.790269 0.000000 0.000000 278.705413 0.141974 12.215232 266.277221 
833000 8330.000000 7.930574 0.000000 0.000000 284.021790 0.435660 16.718582 266.649717 
834000 8340.000000 8.226671 0.000000 0.000000 284.322569 0.302474 17.143863 266.724996 
835000 8350.000000 6.756227 0.000000 0.000000 278.687462 0.013980 11.993165 266.673327 
836000 8360.000000 7.764895 0.000000 0.000000 284.940949 1.360372 16.379684 266.520708 
837000 8370.000000 8.241264 0.000000 0.000000 285.424377 0.543522 17.159871 267.449223 
838000 8380.000000 6.974051 0.000000 0.000000 280.728544 0.348558 13.324921 266.880786 
839000 8390.000000 6.592548 0.000000 0.000000 279.016436 0.949941 10.858783 266.732741 
840000 8400.000000 8.317273 0.000000 0.000000 287.331792 2.077967 17.236926 266.977915 
841000 8410.000000 7.904338 0.000000 0.000000 284.859129 0.695089 16.670323 267.146172 
842000 8420.000000 7.633066 0.000000 0.000000 284.337955 0.706155 16.046736 267.231987 
843000 8430.000000 7.607853 0.000000 0.000000 283.783683 0.219531 15.976037 267.478350 
844000 8440.000000 7.555673 0.000000 0.000000 283.742551 0.261865 15.822155 267.527599 
845000 8450.000000 8.011715 0.000000 0.000000 284.677521 0.008526 16.856032 267.808699 
846000 8460.000000 7.796497 0.000000 0.000000 283.478422 0.165614 16.450817 266.779184 
847000 8470.000000 6.992937 0.000000 0.000000 280.702465 0.001760 13.430183 267.269642 
848000 8480.000000 4.880159 0.000000 0.000000 270.076181 1.499347 0.035780 267.791381 
849000 8490.000000 4.339233 0.000000 0.000000 269.605142 0.019880 1.045514 268.529808 
850000 8500.000000 5.358553 0.000000 0.000000 271.139898 0.295204 1.568538 269.128554 
851000 8510.000000 5.526614 0.000000 0.000000 272.159896 0.212225 2.567424 269.274135 
852000 8520.000000 4.530064 0.000000 0.000000 269.613211 0.007067 0.363094 269.239517 
853000 8530.000000 4.378861 0.000000 0.000000 271.048227 0.779426 0.877111 269.001977 
854000 8540.000000 4.054128 0.000000 0.000000 275.971878 3.378227 2.608145 268.296392 
855000 8550.000000 2.276777 0.000000 0.000000 283.546194 0.242860 12.576006 270.605898 
856000 8560.000000 2.934756 0.000000 0.000000 281.316052 0.106802 10.495630 270.660219 
857000 8570.000000 1.818355 0.000000 0.000000 283.514884 0.000047 12.185584 271.329230 
858000 8580.000000 1.049325 0.000000 0.000000 281.142158 0.240256 9.272170 271.509603 
859000 8590.000000 0.610800 0.000000 0.000000 279.041369 0.000092 7.450719 271.590513 
860000 8600.000000 -0.518821 0.000000 0.000000 279.225570 0.099265 6.523097 272.553575 
861000 8610.000000 -2.092062 0.000000 0.000000 281.116141 0.216806 8.048350 272.742582 
862000 8620.000000 -2.405941 0.000000 0.000000 280.753552 0.120395 7.229275 273.343685 
863000 8630.000000 -2.894044 0.000000 0.000000 279.164377 0.044210 5.652404 273.445657 
864000 8640.000000 -4.012670 0.000000 0.000000 280.239821 0.445699 5.369545 274.201728 
865000 8650.000000 -3.292255 0.000000 0.000000 279.095105 0.068363 4.733543 274.259018 
866000 8660.000000 -4.738045 0.000000 0.000000 284.318176 0.090643 8.911926 275.270286 
867000 8670.000000 -3.601147 0.000000 0.000000 279.801572 0.324980 4.591168 274.722934 
868000 8680.000000 -2.163760 0.000000 0.000000 284.122514 1.231468 7.891533 274.383778 
869000 8690.000000 -1.582678 0.000000 0.000000 283.543871 0.057514 8.472396 274.985204 
870000 8700.000000 0.608507 0.000000 0.000000 283.255779 0.722482 7.442550 274.729506 
871000 8710.000000 0.166231 0.000000 0.000000 282.623831 0.364051 6.308354 275.769401 
872000 8720.000000 -1.022500 0.000000 0.000000 284.567420 0.773776 7.632408 275.774347 
873000 8730.000000 -1.836263 0.000000 0.000000 284.572535 0.093750 8.420458 276.011452 
874000 8740.000000 -3.108284 0.000000 0.000000 281.931994 0.025010 5.076082 276.818396 
875000 8750.000000 -3.517249 0.000000 0.000000 282.158129 0.232389 4.570300 277.239245 
876000 8760.000000 -3.795650 0.000000 0.000000 282.274647 0.011097 4.820061 277.437940 
877000 8770.000000 -3.548448 0.000000 0.000000 282.718615 0.350877 4.572660 277.619639 
878000 8780.000000 -4.546442 0.000000 0.000000 287.219036 0.751984 7.802352 278.288708 
879000 8790.000000 -4.646482 0.000000 0.000000 287.621868 0.413175 8.373314 278.628792 
880000 8800.000000 -7.179113 0.000000 0.000000 297.822626 0.002105 17.401266 280.418202 
881000 8810.000000 -7.856907 0.000000 0.000000 298.844214 0.018873 17.631452 281.184453 
882000 8820.000000 -8.221558 0.000000 0.000000 300.115037 1.175196 17.668654 280.683589 
883000 8830.000000 -8.184392 0.000000 0.000000 302.990384 0.619013 17.666186 284.395679 
884000 8840.000000 -8.400000 0.000000 0.000000 307.795846 0.112606 17.677731 289.949206 
885000 8850.000000 -6.436756 0.000000 0.000000 313.324522 0.006157 16.502724 296.812562 
886000 8860.000000 -7.258777 0.000000 0.000000 314.634877 0.418020 17.446834 296.561013 
887000 8870.000000 -7.558513 0.000000 0.000000 314.532432 0.215593 17.567145 296.641898 
888000 8880.000000 -6.693390 0.000000 0.000000 314.765490 0.185447 16.933828 297.553492 
889000 8890.000000 -7.689983 0.000000 0.000000 315.091711 0.190114 17.600656 297.205885 
890000 8900.000000 -7.632016 0.000000 0.000000 316.124651 0.095502 17.587031 298.394367 
891000 8910.000000 -6.452224 0.000000 0.000000 316.135390 0.047195 16.533284 299.531314 
892000 8920.000000 -6.143568 0.000000 0.000000 316.638745 0.931777 15.795469 299.445611 
893000 8930.000000 -5.753570 0.000000 0.000000 315.004037 0.090517 14.430882 300.437379 
894000 8940.000000 -5.008707 0.000000 0.000000 311.028991 0.326235 10.536943 300.002697 
895000 8950.000000 -6.374266 0.000000 0.000000 317.002046 0.191916 16.372736 300.341436 
896000 8960.000000 -5.755170 0.000000 0.000000 316.693793 1.175339 14.437528 300.493257 
897000 8970.000000 -5.362332 0.000000 0.000000 313.932662 0.282637 12.559624 300.949081 
898000 8980.000000 -5.083354 0.000000 0.000000 312.877907 0.669663 10.980572 300.892840 
899000 8990.000000 -6.043818 0.000000 0.000000 317.390833 0.205999 15.494719 301.587115 
900000 9000.000000 -7.087925 0.000000 0.000000 319.369908 0.251442 17.340236 301.652509 
901000 9010.000000 -5.825893 0.000000 0.000000 317.377653 0.194446 14.722662 302.363323 
902000 9020.000000 -5.662529 0.000000 0.000000 316.605734 0.086790 14.038571 302.436978 
903000 9030.000000 -6.761625 0.000000 0.000000 319.676190 0.001128 17.023750 302.650748 
904000 9040.000000 -6.900944 0.000000 0.000000 320.139942 0.043167 17.179981 302.895211 
905000 9050.000000 -6.539916 0.000000 0.000000 320.894197 1.338017 16.694939 302.192233 
906000 9060.000000 -7.756070 0.000000 0.000000 321.581252 0.467758 17.614230 303.265385 
907000 9070.000000 -8.400000 0.000000 0.000000 325.798183 3.090179 17.677731 303.485183 
908000 9080.000000 -8.400000 0.000000 0.000000 348.800571 0.458679 17.677731 330.434822 
909000 9090.000000 -7.189674 0.000000 0.000000 351.990154 0.005100 17.407702 334.574802 
910000 9100.000000 -8.074439 0.000000 0.000000 367.230610 0.209372 17.657403 349.259148 
911000 9110.000000 -6.853546 0.000000 0.000000 373.627147 0.003134 17.130705 356.491742 
912000 9120.000000 -5.656771 0.000000 0.000000 372.387004 1.242841 14.012835 356.509907 
913000 9130.000000 -5.936881 0.000000 0.000000 372.469053 0.038205 15.135887 357.275859 
914000 9140.000000 -5.372555 0.000000 0.000000 370.293601 0.132562 12.614251 357.480506 
915000 9150.000000 -4.964983 0.000000 0.000000 368.304544 0.004762 10.274883 358.022518 
916000 9160.000000 -6.410586 0.000000 0.000000 374.085516 0.117253 16.449573 357.460063 
917000 9170.000000 -7.716315 0.000000 0.000000 375.893259 0.210922 17.606301 357.970575 
918000 9180.000000 -8.135044 0.000000 0.000000 397.135879 0.128805 17.662536 379.280136 
919000 9190.000000 -7.389906 0.000000 0.000000 398.115919 0.857667 17.508318 379.321100 
920000 9200.000000 -6.992638 0.000000 0.000000 397.463270 0.062705 17.264974 380.104238 
921000 9210.000000 -7.301834 0.000000 0.000000 400.581748 2.890515 17.468761 378.777214 
922000 9220.000000 -6.884459 0.000000 0.000000 397.492293 0.003094 17.163273 380.324378 
923000 9230.000000 -6.203789 0.000000 0.000000 396.731224 0.003985 15.961662 380.763583 
924000 9240.000000 -6.322550 0.000000 0.000000 398.784462 1.608207 16.256987 380.115165 
925000 9250.000000 -4.559168 0.000000 0.000000 394.209731 4.229509 7.873708 379.991759 
926000 9260.000000 -4.059298 0.000000 0.000000 388.234080 0.296895 5.525851 382.262887 
927000 9270.000000 -4.568606 0.000000 0.000000 390.426925 0.000183 7.926894 382.499756 
928000 9280.000000 -3.673519 0.000000 0.000000 387.564515 0.016210 4.646701 382.893499 
929000 9290.000000 -2.698451 0.000000 0.000000 392.277080 2.685423 6.277198 381.971748 
930000 9300.000000 -2.670119 0.000000 0.000000 390.106665 0.285057 6.371151 383.307927 
931000 9310.000000 -2.316813 0.000000 0.000000 391.606120 0.283462 7.493359 383.687568 
932000 9320.000000 -0.608672 0.000000 0.000000 391.426532 0.000209 6.695112 384.731107 
933000 9330.000000 -0.617840 0.000000 0.000000 392.112731 0.646241 6.713811 384.429559 
934000 9340.000000 -2.313326 0.000000 0.000000 392.270174 0.027663 7.503268 384.725412 
935000 9350.000000 -1.493607 0.000000 0.000000 393.761057 0.077443 8.416751 385.228142 
936000 9360.000000 -2.295957 0.000000 0.000000 393.133091 0.368828 7.552100 385.027749 
937000 9370.000000 -1.482712 0.000000 0.000000 394.128003 0.046453 8.407478 385.650846 
938000 9380.000000 -0.656078 0.000000 0.000000 393.224434 0.251269 6.793758 386.053772 
939000 9390.000000 -2.403112 0.000000 0.000000 393.910518 0.614187 7.237948 385.751289 
940000 9400.000000 -2.109700 0.000000 0.000000 397.345126 3.327724 8.011722 384.341817 
941000 9410.000000 -4.433914 0.000000 0.000000 394.368109 0.073123 7.191318 387.067106 
942000 9420.000000 -5.110691 0.000000 0.000000 398.858253 0.128159 11.141432 387.524583 
943000 9430.000000 -4.981624 0.000000 0.000000 399.445233 1.241622 10.374765 387.208036 
944000 9440.000000 -6.039047 0.000000 0.000000 403.307239 0.137393 15.479523 387.621627 
945000 9450.000000 -6.279189 0.000000 0.000000 403.963356 0.132550 16.154025 387.610507 
946000 9460.000000 -5.178601 0.000000 0.000000 400.468603 0.513711 11.536275 388.161762 
947000 9470.000000 -3.630759 0.000000 0.000000 393.686889 0.056822 4.609656 388.992001 
948000 9480.000000 -3.918980 0.000000 0.000000 394.548967 0.414734 5.095450 388.831417 
949000 9490.000000 -4.235078 0.000000 0.000000 396.120828 0.595734 6.224272 389.002954 
950000 9500.000000 -4.825793 0.000000 0.000000 399.530745 0.289633 9.436878 389.659416 
951000 9510.000000 -6.437473 0.000000 0.000000 406.385111 0.258692 16.504154 389.492919 
952000 9520.000000 -5.911011 0.000000 0.000000 405.031707 0.000987 15.043306 389.986920 
953000 9530.000000 -7.173110 0.000000 0.000000 408.120366 0.192673 17.397552 390.433805 
954000 9540.000000 -8.400000 0.000000 0.000000 413.652823 1.575031 17.677731 393.612546 
955000 9550.000000 -8.400000 0.000000 0.000000 450.855138 1.277673 17.677731 431.260898 
956000 9560.000000 -8.400000 0.000000 0.000000 487.052084 1.696229 17.677731 466.830010 
957000 9570.000000 -8.400000 0.000000 0.000000 521.756167 0.494737 17.677731 503.336330 
958000 9580.000000 -8.400000 0.000000 0.000000 569.700162 1.466296 17.677731 549.822987 
959000 9590.000000 -8.391280 0.000000 0.000000 599.999488 0.000229 17.677378 582.321766 
960000 9600.000000 -7.640842 0.000000 0.000000 624.547276 0.465296 17.589216 606.260116 
961000 9610.000000 -7.011701 0.000000 0.000000 624.151575 0.089580 17.281044 606.736160 
962000 9620.000000 -6.939052 0.000000 0.000000 624.191325 0.063859 17.216900 606.878637 
963000 9630.000000 -4.275368 0.000000 0.000000 614.118540 0.141498 6.406530 607.499762 
964000 9640.000000 -3.828970 0.000000 0.000000 614.397201 1.642471 4.884644 607.048850 
965000 9650.000000 -4.933143 0.000000 0.000000 619.581493 1.358321 10.083400 607.460611 
966000 9660.000000 -4.947897 0.000000 0.000000 619.330947 0.870718 10.172177 607.852693 
967000 9670.000000 -7.285694 0.000000 0.000000 626.266354 0.347417 17.460752 608.284476 
968000 9680.000000 -7.443984 0.000000 0.000000 626.294707 0.109323 17.529416 608.601308 
969000 9690.000000 -8.400000 0.000000 0.000000 634.040452 0.871606 17.677731 615.055313 
970000 9700.000000 -7.992346 0.000000 0.000000 652.779585 2.970205 17.649133 630.675144 
971000 9710.000000 -5.800258 0.000000 0.000000 648.177913 0.599223 14.621268 632.657810 
972000 9720.000000 -4.688969 0.000000 0.000000 642.720274 1.159063 8.621717 632.359962 
973000 9730.000000 -4.795046 0.000000 0.000000 642.965250 0.636019 9.252281 632.758940 
974000 9740.000000 -5.850689 0.000000 0.000000 655.690595 7.233666 14.818614 630.021482 
975000 9750.000000 -6.294525 0.000000 0.000000 650.042979 0.264450 16.191069 633.455235 
976000 9760.000000 -6.136598 0.000000 0.000000 649.702039 0.166828 15.775494 633.676302 
977000 9770.000000 -7.674441 0.000000 0.000000 651.892641 0.023189 17.597168 634.260689 
978000 9780.000000 -8.400000 0.000000 0.000000 675.101938 0.955058 17.677731 655.991620 
979000 9790.000000 -7.688618 0.000000 0.000000 695.732315 0.137454 17.600354 677.925780 
980000 9800.000000 -6.576761 0.000000 0.000000 695.686601 0.498491 16.757206 678.181658 
981000 9810.000000 -5.326687 0.000000 0.000000 691.820939 0.415620 12.367085 678.830424 
982000 9820.000000 -4.770755 0.000000 0.000000 688.499866 0.256758 9.106888 679.007842 
983000 9830.000000 -3.443874 0.000000 0.000000 686.537179 1.339454 4.589445 679.938553 
984000 9840.000000 -1.455407 0.000000 0.000000 691.851671 2.470579 8.381962 679.763839 
985000 9850.000000 -2.739191 0.000000 0.000000 687.622814 0.450278 6.142929 680.804468 
986000 9860.000000 -0.761205 0.000000 0.000000 689.718176 0.685539 7.026628 681.663239 
987000 9870.000000 -0.064139 0.000000 0.000000 688.531199 0.001967 6.120343 682.407906 
988000 9880.000000 0.666094 0.000000 0.000000 690.403033 0.003256 7.653430 682.744719 
989000 9890.000000 1.969973 0.000000 0.000000 696.417918 0.185040 12.468048 683.672310 
990000 9900.000000 1.769990 0.000000 0.000000 696.027008 0.034519 12.067364 683.907866 
991000 9910.000000 3.873991 0.000000 0.000000 688.153962 0.001721 3.840864 684.310517 
992000 9920.000000 5.653411 0.000000 0.000000 688.306328 0.124147 3.438219 684.681888 
993000 9930.000000 4.955480 0.000000 0.000000 684.970660 0.000660 0.130126 684.839544 
994000 9940.000000 5.435307 0.000000 0.000000 687.534757 0.033653 2.000214 685.484064 
995000 9950.000000 5.722139 0.000000 0.000000 689.258559 0.067843 3.943803 685.212990 
996000 9960.000000 5.479293 0.000000 0.000000 687.990603 0.014525 2.266584 685.702232 
997000 9970.000000 5.413116 0.000000 0.000000 687.907070 0.131286 1.870951 685.839190 
998000 9980.000000 6.744903 0.000000 0.000000 698.129285 0.002330 11.918193 686.207597 
999000 9990.000000 6.365776 0.000000 0.000000 695.430859 0.057487 9.131904 686.212724 
